#
# A fatal error has been detected by the Java Runtime Environment:
#
#  SIGSEGV (0xb) at pc=0x000000011e11657c, pid=82319, tid=89863
#
# JRE version: Java(TM) SE Runtime Environment (8.0_66-b17) (build 1.8.0_66-b17)
# Java VM: Java HotSpot(TM) 64-Bit Server VM (25.66-b17 mixed mode bsd-amd64 compressed oops)
# Problematic frame:
# C  [libscsynth.dylib+0x557c]  SC_UdpInPort::SC_UdpInPort(World*, int)+0x1be
#
# Failed to write core dump. Core dumps have been disabled. To enable core dumping, try "ulimit -c unlimited" before starting Java again
#
# If you would like to submit a bug report, please visit:
#   http://bugreport.java.com/bugreport/crash.jsp
# The crash happened outside the Java Virtual Machine in native code.
# See problematic frame for where to report the bug.
#

---------------  T H R E A D  ---------------

Current thread (0x00007f9b74187800):  JavaThread "Thread-8" daemon [_thread_in_native, id=89863, stack(0x0000700006b7d000,0x0000700006c7d000)]

siginfo: si_signo: 11 (SIGSEGV), si_code: 1 (SEGV_MAPERR), si_addr: 0x0000000000000160

Registers:
RAX=0x0000000000000000, RBX=0x0000000000000000, RCX=0x0000000000000000, RDX=0x0000000000000000
RSP=0x0000700006c7b990, RBP=0x0000700006c7ba10, RSI=0x0000000000000003, RDI=0x0000700006f0c000
R8 =0x0000000000016007, R9 =0x0000000000000000, R10=0x000000000000002c, R11=0x0000000000000206
R12=0x0000000000000004, R13=0x0000000000000002, R14=0x00007f9b77873000, R15=0x0000700006f0c000
RIP=0x000000011e11657c, EFLAGS=0x0000000000010202, ERR=0x0000000000000004
  TRAPNO=0x000000000000000e

Top of Stack: (sp=0x0000700006c7b990)
0x0000700006c7b990:   0000000000000000 00010000752d5890
0x0000700006c7b9a0:   0000700006c7b9c0 00007fff9e6bb200
0x0000700006c7b9b0:   0000000000000000 0000000000010048
0x0000700006c7b9c0:   0000000a0000003f 000000029d144e0e
0x0000700006c7b9d0:   00007f9b77873000 0000000000000000
0x0000700006c7b9e0:   00007f9b752d5890 000000011e135614
0x0000700006c7b9f0:   0000000000000001 0000700006c7c538
0x0000700006c7ba00:   00007f9b752d5890 000000011e08a94c
0x0000700006c7ba10:   000000000000000a 0000700006c7c5d0
0x0000700006c7ba20:   0000700006c7bb10 000000011e08a456
0x0000700006c7ba30:   0000700006c7ba01 000000011e053460
0x0000700006c7ba40:   0000700006c7c200 0000700006c7bac0
0x0000700006c7ba50:   000000011e053460 0000700006c7bad4
0x0000700006c7ba60:   0000700006c7bad0 0000700006c7bac0
0x0000700006c7ba70:   0000700006c7c440 0000700006c7c5d0
0x0000700006c7ba80:   000000011e1355f0 00007f9b752d5800
0x0000700006c7ba90:   0000700006c7b960 0000700006c7ba10
0x0000700006c7baa0:   0000000000000002 0000000200000002
0x0000700006c7bab0:   0000700006c7b960 00000001741879f8
0x0000700006c7bac0:   00007f9b00000002 0000000000000000
0x0000700006c7bad0:   0000000100000000 5e04a907736200c5
0x0000700006c7bae0:   0000700006c7bb10 0000700006c7c5d0
0x0000700006c7baf0:   00007f9b752d58a0 0000000000000000
0x0000700006c7bb00:   00007f9b752d5800 0000000000000001
0x0000700006c7bb10:   0000700006c7c420 000000011e084a53
0x0000700006c7bb20:   0000700006c7bb60 0000000102a7ceec
0x0000700006c7bb30:   0000700006c7c420 000000011e084655
0x0000700006c7bb40:   0000000000000000 0000000000000000
0x0000700006c7bb50:   0000700006c7c420 000000011e084629
0x0000700006c7bb60:   0000000000000000 0000000000000000
0x0000700006c7bb70:   0000000000000ef2 0000000000000008
0x0000700006c7bb80:   0000700006c7bc10 00007f9b752d5820 

Instructions: (pc=0x000000011e11657c)
0x000000011e11655c:   24 3c 02 00 00 00 c7 44 24 30 3f 00 00 00 be 02
0x000000011e11656c:   00 00 00 48 8d 54 24 30 4c 89 ff e8 5c 13 07 00
0x000000011e11657c:   80 bb 60 01 00 00 00 74 15 49 8d 7e 30 31 f6 48
0x000000011e11658c:   8d 15 3e ed ff ff 4c 89 f1 e8 08 13 07 00 48 83 

Register to memory mapping:

RAX=0x0000000000000000 is an unknown value
RBX=0x0000000000000000 is an unknown value
RCX=0x0000000000000000 is an unknown value
RDX=0x0000000000000000 is an unknown value
RSP=0x0000700006c7b990 is pointing into the stack for thread: 0x00007f9b74187800
RBP=0x0000700006c7ba10 is pointing into the stack for thread: 0x00007f9b74187800
RSI=0x0000000000000003 is an unknown value
RDI=0x0000700006f0c000 is an unknown value
R8 =0x0000000000016007 is an unknown value
R9 =0x0000000000000000 is an unknown value
R10=0x000000000000002c is an unknown value
R11=0x0000000000000206 is an unknown value
R12=0x0000000000000004 is an unknown value
R13=0x0000000000000002 is an unknown value
R14=0x00007f9b77873000 is an unknown value
R15=0x0000700006f0c000 is an unknown value


Stack: [0x0000700006b7d000,0x0000700006c7d000],  sp=0x0000700006c7b990,  free space=1018k
Native frames: (J=compiled Java code, j=interpreted, Vv=VM code, C=native code)
C  [libscsynth.dylib+0x557c]  SC_UdpInPort::SC_UdpInPort(World*, int)+0x1be
C  0x0000700006c7c5d0

Java frames: (J=compiled Java code, j=interpreted, Vv=VM code)
j  overtone.sc.machinery.server.native.lib_3ed179f7_ddd6_45a6_9c13_8192d667fe69.World_OpenUDP(Lcom/sun/jna/Pointer;I)I+0
j  overtone.sc.machinery.server.native$eval7641$fn__7642.invoke(Ljava/lang/Object;Ljava/lang/Object;)Ljava/lang/Object;+15
j  overtone.sc.machinery.server.native$scsynth_listen_udp.invokeStatic(Ljava/lang/Object;Ljava/lang/Object;)Ljava/lang/Object;+55
j  overtone.sc.machinery.server.native$scsynth_listen_udp.invoke(Ljava/lang/Object;Ljava/lang/Object;)Ljava/lang/Object;+6
j  overtone.sc.machinery.server.connection$internal_booter.invokeStatic(Ljava/lang/Object;)Ljava/lang/Object;+201
j  overtone.sc.machinery.server.connection$internal_booter.invoke(Ljava/lang/Object;)Ljava/lang/Object;+3
j  overtone.sc.machinery.server.connection$boot_internal_server$fn__7734.invoke()Ljava/lang/Object;+13
j  clojure.lang.AFn.run()V+1
j  java.lang.Thread.run()V+11
v  ~StubRoutines::call_stub

---------------  P R O C E S S  ---------------

Java Threads: ( => current thread )
=>0x00007f9b74187800 JavaThread "Thread-8" daemon [_thread_in_native, id=89863, stack(0x0000700006b7d000,0x0000700006c7d000)]
  0x00007f9b73eb8000 JavaThread "pool-2-thread-6" [_thread_blocked, id=73475, stack(0x0000700006a7a000,0x0000700006b7a000)]
  0x00007f9b73eb7000 JavaThread "pool-2-thread-5" [_thread_blocked, id=72963, stack(0x0000700006977000,0x0000700006a77000)]
  0x00007f9b74097800 JavaThread "pool-2-thread-4" [_thread_blocked, id=72451, stack(0x0000700006874000,0x0000700006974000)]
  0x00007f9b74992000 JavaThread "pool-2-thread-3" [_thread_blocked, id=71939, stack(0x0000700006771000,0x0000700006871000)]
  0x00007f9b731a4800 JavaThread "pool-2-thread-2" [_thread_blocked, id=71427, stack(0x000070000666e000,0x000070000676e000)]
  0x00007f9b7428c000 JavaThread "pool-2-thread-1" [_thread_blocked, id=70915, stack(0x000070000656b000,0x000070000666b000)]
  0x00007f9b7428b800 JavaThread "pool-3-thread-6" [_thread_blocked, id=32547, stack(0x0000700005b4a000,0x0000700005c4a000)]
  0x00007f9b7369d000 JavaThread "pool-3-thread-5" [_thread_blocked, id=70403, stack(0x0000700006468000,0x0000700006568000)]
  0x00007f9b7406a800 JavaThread "pool-3-thread-4" [_thread_blocked, id=69895, stack(0x0000700006365000,0x0000700006465000)]
  0x00007f9b73e05000 JavaThread "pool-3-thread-3" [_thread_blocked, id=67599, stack(0x0000700006262000,0x0000700006362000)]
  0x00007f9b73d9c000 JavaThread "pool-3-thread-2" [_thread_blocked, id=67075, stack(0x000070000615f000,0x000070000625f000)]
  0x00007f9b735ac000 JavaThread "pool-3-thread-1" [_thread_blocked, id=66579, stack(0x000070000605c000,0x000070000615c000)]
  0x00007f9b7340f000 JavaThread "Java2D Disposer" daemon [_thread_blocked, id=60431, stack(0x0000700005f59000,0x0000700006059000)]
  0x00007f9b730bf000 JavaThread "Java2D Queue Flusher" daemon [_thread_blocked, id=58375, stack(0x0000700005e56000,0x0000700005f56000)]
  0x00007f9b74041800 JavaThread "AppKit Thread" daemon [_thread_in_native, id=775, stack(0x00007fff5d773180,0x00007fff5dfc4000)]
  0x00007f9b7426d000 JavaThread "clojure-agent-send-off-pool-4" [_thread_blocked, id=22275, stack(0x00007000059c4000,0x0000700005ac4000)]
  0x00007f9b73b2f800 JavaThread "nREPL-worker-0" daemon [_thread_blocked, id=21763, stack(0x00007000058c1000,0x00007000059c1000)]
  0x00007f9b748aa000 JavaThread "clojure-agent-send-off-pool-3" [_thread_blocked, id=21251, stack(0x00007000057be000,0x00007000058be000)]
  0x00007f9b7330c000 JavaThread "clojure-agent-send-off-pool-2" [_thread_in_native, id=20739, stack(0x00007000056bb000,0x00007000057bb000)]
  0x00007f9b732f7800 JavaThread "clojure-agent-send-off-pool-1" [_thread_in_native, id=20227, stack(0x00007000055b8000,0x00007000056b8000)]
  0x00007f9b732e1800 JavaThread "clojure-agent-send-off-pool-0" [_thread_blocked, id=19715, stack(0x00007000054b5000,0x00007000055b5000)]
  0x00007f9b7380d000 JavaThread "Service Thread" daemon [_thread_blocked, id=18691, stack(0x00007000052af000,0x00007000053af000)]
  0x00007f9b7384a000 JavaThread "C1 CompilerThread2" daemon [_thread_blocked, id=18179, stack(0x00007000051ac000,0x00007000052ac000)]
  0x00007f9b73849000 JavaThread "C2 CompilerThread1" daemon [_thread_blocked, id=17667, stack(0x00007000050a9000,0x00007000051a9000)]
  0x00007f9b7307c800 JavaThread "C2 CompilerThread0" daemon [_thread_blocked, id=17155, stack(0x0000700004fa6000,0x00007000050a6000)]
  0x00007f9b73067800 JavaThread "Signal Dispatcher" daemon [_thread_blocked, id=16643, stack(0x0000700004ea3000,0x0000700004fa3000)]
  0x00007f9b73065800 JavaThread "Finalizer" daemon [_thread_blocked, id=12291, stack(0x0000700004d1d000,0x0000700004e1d000)]
  0x00007f9b73064800 JavaThread "Reference Handler" daemon [_thread_blocked, id=11779, stack(0x0000700004c1a000,0x0000700004d1a000)]
  0x00007f9b7300d000 JavaThread "main" [_thread_blocked, id=6915, stack(0x0000700004608000,0x0000700004708000)]

Other Threads:
  0x00007f9b73062000 VMThread [stack: 0x0000700004b17000,0x0000700004c17000] [id=11267]
  0x00007f9b73873800 WatcherThread [stack: 0x00007000053b2000,0x00007000054b2000] [id=19203]

VM state:not at safepoint (normal execution)

VM Mutex/Monitor currently owned by a thread: None

Heap:
 PSYoungGen      total 331264K, used 162171K [0x00000007aab00000, 0x00000007c0000000, 0x00000007c0000000)
  eden space 313344K, 51% used [0x00000007aab00000,0x00000007b495ec28,0x00000007bdd00000)
  from space 17920K, 0% used [0x00000007bdd00000,0x00000007bdd00000,0x00000007bee80000)
  to   space 17920K, 0% used [0x00000007bee80000,0x00000007bee80000,0x00000007c0000000)
 ParOldGen       total 95744K, used 45381K [0x0000000780000000, 0x0000000785d80000, 0x00000007aab00000)
  object space 95744K, 47% used [0x0000000780000000,0x0000000782c514a8,0x0000000785d80000)
 Metaspace       used 46025K, capacity 62717K, committed 63016K, reserved 1093632K
  class space    used 12837K, capacity 18421K, committed 18472K, reserved 1048576K

Card table byte_map: [0x0000000103946000,0x0000000103b47000] byte_map_base: 0x00000000ffd46000

Marking Bits: (ParMarkBitMap*) 0x0000000102edde20
 Begin Bits: [0x0000000103c9d000, 0x0000000104c9d000)
 End Bits:   [0x0000000104c9d000, 0x0000000105c9d000)

Polling page: 0x0000000101cfc000

CodeCache: size=245760Kb used=8505Kb max_used=8505Kb free=237254Kb
 bounds [0x0000000109b86000, 0x000000010a3d6000, 0x0000000118b86000]
 total_blobs=4138 nmethods=3633 adapters=418
 compilation: enabled

Compilation events (10 events):
Event: 16.884 Thread 0x00007f9b7384a000 3635       1       clojure.lang.BigInt::toBigInteger (20 bytes)
Event: 16.884 Thread 0x00007f9b7384a000 nmethod 3635 0x000000010a3d39d0 code [0x000000010a3d3b40, 0x000000010a3d3c88]
Event: 16.888 Thread 0x00007f9b7384a000 3636       1       java.util.LinkedHashMap$LinkedHashIterator::nextNode (54 bytes)
Event: 16.889 Thread 0x00007f9b7384a000 nmethod 3636 0x000000010a3d3d10 code [0x000000010a3d3ea0, 0x000000010a3d4118]
Event: 16.922 Thread 0x00007f9b7384a000 3637       1       java.util.concurrent.locks.AbstractQueuedSynchronizer::compareAndSetWaitStatus (13 bytes)
Event: 16.922 Thread 0x00007f9b7384a000 nmethod 3637 0x000000010a3d4290 code [0x000000010a3d43e0, 0x000000010a3d44f0]
Event: 17.611 Thread 0x00007f9b7384a000 3639       1       java.math.BigInteger::valueOf (62 bytes)
Event: 17.612 Thread 0x00007f9b7384a000 nmethod 3639 0x000000010a3d4550 code [0x000000010a3d46c0, 0x000000010a3d4968]
Event: 17.612 Thread 0x00007f9b7384a000 3638       1       clojure.lang.Numbers$BigIntOps::combine (8 bytes)
Event: 17.612 Thread 0x00007f9b7384a000 nmethod 3638 0x000000010a3d4ad0 code [0x000000010a3d4c40, 0x000000010a3d4d88]

GC Heap History (10 events):
Event: 12.422 GC heap before
{Heap before GC invocations=16 (full 2):
 PSYoungGen      total 332800K, used 328259K [0x00000007aab00000, 0x00000007c0000000, 0x00000007c0000000)
  eden space 318976K, 100% used [0x00000007aab00000,0x00000007be280000,0x00000007be280000)
  from space 13824K, 67% used [0x00000007be280000,0x00000007beb90e18,0x00000007bf000000)
  to   space 13824K, 0% used [0x00000007bf280000,0x00000007bf280000,0x00000007c0000000)
 ParOldGen       total 66048K, used 26665K [0x0000000780000000, 0x0000000784080000, 0x00000007aab00000)
  object space 66048K, 40% used [0x0000000780000000,0x0000000781a0a6b8,0x0000000784080000)
 Metaspace       used 36538K, capacity 47247K, committed 47272K, reserved 1083392K
  class space    used 9983K, capacity 13718K, committed 13736K, reserved 1048576K
Event: 12.446 GC heap after
Heap after GC invocations=16 (full 2):
 PSYoungGen      total 332288K, used 13186K [0x00000007aab00000, 0x00000007c0000000, 0x00000007c0000000)
  eden space 318464K, 0% used [0x00000007aab00000,0x00000007aab00000,0x00000007be200000)
  from space 13824K, 95% used [0x00000007bf280000,0x00000007bff609c0,0x00000007c0000000)
  to   space 15360K, 0% used [0x00000007be200000,0x00000007be200000,0x00000007bf100000)
 ParOldGen       total 66048K, used 26673K [0x0000000780000000, 0x0000000784080000, 0x00000007aab00000)
  object space 66048K, 40% used [0x0000000780000000,0x0000000781a0c6b8,0x0000000784080000)
 Metaspace       used 36538K, capacity 47247K, committed 47272K, reserved 1083392K
  class space    used 9983K, capacity 13718K, committed 13736K, reserved 1048576K
}
Event: 13.478 GC heap before
{Heap before GC invocations=17 (full 2):
 PSYoungGen      total 332288K, used 331650K [0x00000007aab00000, 0x00000007c0000000, 0x00000007c0000000)
  eden space 318464K, 100% used [0x00000007aab00000,0x00000007be200000,0x00000007be200000)
  from space 13824K, 95% used [0x00000007bf280000,0x00000007bff609c0,0x00000007c0000000)
  to   space 15360K, 0% used [0x00000007be200000,0x00000007be200000,0x00000007bf100000)
 ParOldGen       total 66048K, used 26673K [0x0000000780000000, 0x0000000784080000, 0x00000007aab00000)
  object space 66048K, 40% used [0x0000000780000000,0x0000000781a0c6b8,0x0000000784080000)
 Metaspace       used 39494K, capacity 51645K, committed 51880K, reserved 1085440K
  class space    used 10824K, capacity 14920K, committed 15016K, reserved 1048576K
Event: 13.503 GC heap after
Heap after GC invocations=17 (full 2):
 PSYoungGen      total 333824K, used 15344K [0x00000007aab00000, 0x00000007c0000000, 0x00000007c0000000)
  eden space 318464K, 0% used [0x00000007aab00000,0x00000007aab00000,0x00000007be200000)
  from space 15360K, 99% used [0x00000007be200000,0x00000007bf0fc020,0x00000007bf100000)
  to   space 15360K, 0% used [0x00000007bf100000,0x00000007bf100000,0x00000007c0000000)
 ParOldGen       total 66048K, used 27277K [0x0000000780000000, 0x0000000784080000, 0x00000007aab00000)
  object space 66048K, 41% used [0x0000000780000000,0x0000000781aa3500,0x0000000784080000)
 Metaspace       used 39494K, capacity 51645K, committed 51880K, reserved 1085440K
  class space    used 10824K, capacity 14920K, committed 15016K, reserved 1048576K
}
Event: 14.541 GC heap before
{Heap before GC invocations=18 (full 2):
 PSYoungGen      total 333824K, used 333808K [0x00000007aab00000, 0x00000007c0000000, 0x00000007c0000000)
  eden space 318464K, 100% used [0x00000007aab00000,0x00000007be200000,0x00000007be200000)
  from space 15360K, 99% used [0x00000007be200000,0x00000007bf0fc020,0x00000007bf100000)
  to   space 15360K, 0% used [0x00000007bf100000,0x00000007bf100000,0x00000007c0000000)
 ParOldGen       total 66048K, used 27277K [0x0000000780000000, 0x0000000784080000, 0x00000007aab00000)
  object space 66048K, 41% used [0x0000000780000000,0x0000000781aa3500,0x0000000784080000)
 Metaspace       used 42602K, capacity 57883K, committed 58152K, reserved 1091584K
  class space    used 11783K, capacity 16869K, committed 16936K, reserved 1048576K
Event: 14.574 GC heap after
Heap after GC invocations=18 (full 2):
 PSYoungGen      total 328704K, used 12024K [0x00000007aab00000, 0x00000007c0000000, 0x00000007c0000000)
  eden space 313344K, 0% used [0x00000007aab00000,0x00000007aab00000,0x00000007bdd00000)
  from space 15360K, 78% used [0x00000007bf100000,0x00000007bfcbe2e8,0x00000007c0000000)
  to   space 17920K, 0% used [0x00000007bdd00000,0x00000007bdd00000,0x00000007bee80000)
 ParOldGen       total 66048K, used 34172K [0x0000000780000000, 0x0000000784080000, 0x00000007aab00000)
  object space 66048K, 51% used [0x0000000780000000,0x000000078215f1a0,0x0000000784080000)
 Metaspace       used 42602K, capacity 57883K, committed 58152K, reserved 1091584K
  class space    used 11783K, capacity 16869K, committed 16936K, reserved 1048576K
}
Event: 14.724 GC heap before
{Heap before GC invocations=19 (full 2):
 PSYoungGen      total 328704K, used 37147K [0x00000007aab00000, 0x00000007c0000000, 0x00000007c0000000)
  eden space 313344K, 8% used [0x00000007aab00000,0x00000007ac388cb0,0x00000007bdd00000)
  from space 15360K, 78% used [0x00000007bf100000,0x00000007bfcbe2e8,0x00000007c0000000)
  to   space 17920K, 0% used [0x00000007bdd00000,0x00000007bdd00000,0x00000007bee80000)
 ParOldGen       total 66048K, used 34172K [0x0000000780000000, 0x0000000784080000, 0x00000007aab00000)
  object space 66048K, 51% used [0x0000000780000000,0x000000078215f1a0,0x0000000784080000)
 Metaspace       used 43461K, capacity 58977K, committed 59160K, reserved 1091584K
  class space    used 12034K, capacity 17191K, committed 17192K, reserved 1048576K
Event: 14.739 GC heap after
Heap after GC invocations=19 (full 2):
 PSYoungGen      total 331264K, used 12320K [0x00000007aab00000, 0x00000007c0000000, 0x00000007c0000000)
  eden space 313344K, 0% used [0x00000007aab00000,0x00000007aab00000,0x00000007bdd00000)
  from space 17920K, 68% used [0x00000007bdd00000,0x00000007be908000,0x00000007bee80000)
  to   space 17920K, 0% used [0x00000007bee80000,0x00000007bee80000,0x00000007c0000000)
 ParOldGen       total 66048K, used 34180K [0x0000000780000000, 0x0000000784080000, 0x00000007aab00000)
  object space 66048K, 51% used [0x0000000780000000,0x00000007821611a0,0x0000000784080000)
 Metaspace       used 43461K, capacity 58977K, committed 59160K, reserved 1091584K
  class space    used 12034K, capacity 17191K, committed 17192K, reserved 1048576K
}
Event: 14.739 GC heap before
{Heap before GC invocations=20 (full 3):
 PSYoungGen      total 331264K, used 12320K [0x00000007aab00000, 0x00000007c0000000, 0x00000007c0000000)
  eden space 313344K, 0% used [0x00000007aab00000,0x00000007aab00000,0x00000007bdd00000)
  from space 17920K, 68% used [0x00000007bdd00000,0x00000007be908000,0x00000007bee80000)
  to   space 17920K, 0% used [0x00000007bee80000,0x00000007bee80000,0x00000007c0000000)
 ParOldGen       total 66048K, used 34180K [0x0000000780000000, 0x0000000784080000, 0x00000007aab00000)
  object space 66048K, 51% used [0x0000000780000000,0x00000007821611a0,0x0000000784080000)
 Metaspace       used 43461K, capacity 58977K, committed 59160K, reserved 1091584K
  class space    used 12034K, capacity 17191K, committed 17192K, reserved 1048576K
Event: 15.163 GC heap after
Heap after GC invocations=20 (full 3):
 PSYoungGen      total 331264K, used 0K [0x00000007aab00000, 0x00000007c0000000, 0x00000007c0000000)
  eden space 313344K, 0% used [0x00000007aab00000,0x00000007aab00000,0x00000007bdd00000)
  from space 17920K, 0% used [0x00000007bdd00000,0x00000007bdd00000,0x00000007bee80000)
  to   space 17920K, 0% used [0x00000007bee80000,0x00000007bee80000,0x00000007c0000000)
 ParOldGen       total 95744K, used 45381K [0x0000000780000000, 0x0000000785d80000, 0x00000007aab00000)
  object space 95744K, 47% used [0x0000000780000000,0x0000000782c514a8,0x0000000785d80000)
 Metaspace       used 43461K, capacity 58977K, committed 59160K, reserved 1091584K
  class space    used 12034K, capacity 17191K, committed 17192K, reserved 1048576K
}

Deoptimization events (0 events):
No events

Internal exceptions (10 events):
Event: 0.213 Thread 0x00007f9b7300d000 Exception <a 'java/security/PrivilegedActionException'> (0x00000007ab136cd8) thrown at [/HUDSON3/workspace/8-2-build-macosx-x86_64/jdk8u66/4988/hotspot/src/share/vm/prims/jvm.cpp, line 1386]
Event: 0.214 Thread 0x00007f9b7300d000 Exception <a 'java/security/PrivilegedActionException'> (0x00000007ab139f78) thrown at [/HUDSON3/workspace/8-2-build-macosx-x86_64/jdk8u66/4988/hotspot/src/share/vm/prims/jvm.cpp, line 1386]
Event: 0.214 Thread 0x00007f9b7300d000 Exception <a 'java/security/PrivilegedActionException'> (0x00000007ab13a188) thrown at [/HUDSON3/workspace/8-2-build-macosx-x86_64/jdk8u66/4988/hotspot/src/share/vm/prims/jvm.cpp, line 1386]
Event: 2.146 Thread 0x00007f9b732f7800 Exception <a 'java/io/FileNotFoundException'> (0x00000007abc21630) thrown at [/HUDSON3/workspace/8-2-build-macosx-x86_64/jdk8u66/4988/hotspot/src/share/vm/prims/jni.cpp, line 709]
Event: 8.075 Thread 0x00007f9b73b2f800 Exception <a 'java/lang/NoSuchFieldError': method resolution failed> (0x00000007abc158b8) thrown at [/HUDSON3/workspace/8-2-build-macosx-x86_64/jdk8u66/4988/hotspot/src/share/vm/prims/methodHandles.cpp, line 1146]
Event: 8.077 Thread 0x00007f9b73b2f800 Exception <a 'java/lang/NoSuchFieldError': method resolution failed> (0x00000007abc23e78) thrown at [/HUDSON3/workspace/8-2-build-macosx-x86_64/jdk8u66/4988/hotspot/src/share/vm/prims/methodHandles.cpp, line 1146]
Event: 8.298 Thread 0x00007f9b73b2f800 Exception <a 'java/io/FileNotFoundException'> (0x00000007abca2688) thrown at [/HUDSON3/workspace/8-2-build-macosx-x86_64/jdk8u66/4988/hotspot/src/share/vm/prims/jni.cpp, line 709]
Event: 8.298 Thread 0x00007f9b73b2f800 Exception <a 'java/io/FileNotFoundException'> (0x00000007abca3960) thrown at [/HUDSON3/workspace/8-2-build-macosx-x86_64/jdk8u66/4988/hotspot/src/share/vm/prims/jni.cpp, line 709]
Event: 8.973 Thread 0x00007f9b73b2f800 Exception <a 'sun/nio/fs/UnixException'> (0x00000007b2179440) thrown at [/HUDSON3/workspace/8-2-build-macosx-x86_64/jdk8u66/4988/hotspot/src/share/vm/prims/jni.cpp, line 709]
Event: 9.479 Thread 0x00007f9b73b2f800 Exception <a 'java/io/IOException'> (0x00000007acb06160) thrown at [/HUDSON3/workspace/8-2-build-macosx-x86_64/jdk8u66/4988/hotspot/src/share/vm/prims/jni.cpp, line 709]

Events (10 events):
Event: 16.880 loading class sun/reflect/UnsafeByteFieldAccessorImpl
Event: 16.880 loading class sun/reflect/UnsafeByteFieldAccessorImpl done
Event: 16.880 loading class com/sun/jna/Memory$SharedMemory
Event: 16.880 loading class com/sun/jna/Memory$SharedMemory done
Event: 16.881 loading class com/sun/jna/WeakIdentityHashMap
Event: 16.881 loading class com/sun/jna/WeakIdentityHashMap done
Event: 16.887 loading class com/sun/jna/Structure$2$StructureSet
Event: 16.887 loading class com/sun/jna/Structure$2$StructureSet done
Event: 16.888 loading class com/sun/jna/NativeString
Event: 16.888 loading class com/sun/jna/NativeString done


Dynamic libraries:
0x00000000139a8000 	/System/Library/Frameworks/Cocoa.framework/Versions/A/Cocoa
0x00000000139a8000 	/System/Library/Frameworks/Security.framework/Versions/A/Security
0x00000000139a8000 	/System/Library/Frameworks/ApplicationServices.framework/Versions/A/ApplicationServices
0x00000000139a8000 	/usr/lib/libz.1.dylib
0x00000000139a8000 	/usr/lib/libSystem.B.dylib
0x00000000139a8000 	/usr/lib/libobjc.A.dylib
0x00000000139a8000 	/System/Library/Frameworks/CoreFoundation.framework/Versions/A/CoreFoundation
0x00000000139a8000 	/System/Library/Frameworks/Foundation.framework/Versions/C/Foundation
0x00000000139a8000 	/System/Library/Frameworks/AppKit.framework/Versions/C/AppKit
0x00000000139a8000 	/System/Library/Frameworks/CoreData.framework/Versions/A/CoreData
0x00000000139a8000 	/System/Library/PrivateFrameworks/RemoteViewServices.framework/Versions/A/RemoteViewServices
0x00000000139a8000 	/System/Library/PrivateFrameworks/UIFoundation.framework/Versions/A/UIFoundation
0x00000000139a8000 	/System/Library/PrivateFrameworks/DFRFoundation.framework/Versions/A/DFRFoundation
0x00000000139a8000 	/usr/lib/libenergytrace.dylib
0x00000000139a8000 	/System/Library/PrivateFrameworks/SkyLight.framework/Versions/A/SkyLight
0x00000000139a8000 	/System/Library/Frameworks/CoreGraphics.framework/Versions/A/CoreGraphics
0x00000000139a8000 	/usr/lib/libScreenReader.dylib
0x00000000139a8000 	/System/Library/Frameworks/Accelerate.framework/Versions/A/Accelerate
0x00000000139a8000 	/System/Library/Frameworks/IOSurface.framework/Versions/A/IOSurface
0x00000000139a8000 	/System/Library/Frameworks/AudioToolbox.framework/Versions/A/AudioToolbox
0x00000000139a8000 	/System/Library/Frameworks/AudioUnit.framework/Versions/A/AudioUnit
0x00000000139a8000 	/System/Library/PrivateFrameworks/DataDetectorsCore.framework/Versions/A/DataDetectorsCore
0x00000000139a8000 	/System/Library/PrivateFrameworks/DesktopServicesPriv.framework/Versions/A/DesktopServicesPriv
0x00000000139a8000 	/System/Library/Frameworks/Carbon.framework/Versions/A/Frameworks/HIToolbox.framework/Versions/A/HIToolbox
0x00000000139a8000 	/usr/lib/libicucore.A.dylib
0x00000000139a8000 	/System/Library/Frameworks/QuartzCore.framework/Versions/A/QuartzCore
0x00000000139a8000 	/System/Library/Frameworks/Carbon.framework/Versions/A/Frameworks/SpeechRecognition.framework/Versions/A/SpeechRecognition
0x00000000139a8000 	/usr/lib/libauto.dylib
0x00000000139a8000 	/usr/lib/libxml2.2.dylib
0x00000000139a8000 	/System/Library/PrivateFrameworks/CoreUI.framework/Versions/A/CoreUI
0x00000000139a8000 	/System/Library/Frameworks/CoreAudio.framework/Versions/A/CoreAudio
0x00000000139a8000 	/System/Library/Frameworks/DiskArbitration.framework/Versions/A/DiskArbitration
0x00000000139a8000 	/usr/lib/liblangid.dylib
0x00000000139a8000 	/System/Library/PrivateFrameworks/MultitouchSupport.framework/Versions/A/MultitouchSupport
0x00000000139a8000 	/System/Library/Frameworks/IOKit.framework/Versions/A/IOKit
0x00000000139a8000 	/usr/lib/libDiagnosticMessagesClient.dylib
0x00000000139a8000 	/System/Library/Frameworks/CoreServices.framework/Versions/A/CoreServices
0x00000000139a8000 	/System/Library/PrivateFrameworks/PerformanceAnalysis.framework/Versions/A/PerformanceAnalysis
0x00000000139a8000 	/System/Library/PrivateFrameworks/GenerationalStorage.framework/Versions/A/GenerationalStorage
0x00000000139a8000 	/System/Library/Frameworks/OpenGL.framework/Versions/A/OpenGL
0x00000000139a8000 	/System/Library/Frameworks/CoreImage.framework/Versions/A/CoreImage
0x00000000139a8000 	/System/Library/Frameworks/CoreText.framework/Versions/A/CoreText
0x00000000139a8000 	/System/Library/Frameworks/ImageIO.framework/Versions/A/ImageIO
0x00000000139a8000 	/System/Library/PrivateFrameworks/Backup.framework/Versions/A/Backup
0x00000000139a8000 	/usr/lib/libarchive.2.dylib
0x00000000139a8000 	/System/Library/Frameworks/CFNetwork.framework/Versions/A/CFNetwork
0x00000000139a8000 	/System/Library/Frameworks/SystemConfiguration.framework/Versions/A/SystemConfiguration
0x00000000139a8000 	/usr/lib/libCRFSuite.dylib
0x00000000139a8000 	/usr/lib/libc++.1.dylib
0x00000000139a8000 	/usr/lib/libc++abi.dylib
0x00000000139a8000 	/usr/lib/system/libcache.dylib
0x00000000139a8000 	/usr/lib/system/libcommonCrypto.dylib
0x00000000139a8000 	/usr/lib/system/libcompiler_rt.dylib
0x00000000139a8000 	/usr/lib/system/libcopyfile.dylib
0x00000000139a8000 	/usr/lib/system/libcorecrypto.dylib
0x00000000139a8000 	/usr/lib/system/libdispatch.dylib
0x00000000139a8000 	/usr/lib/system/libdyld.dylib
0x00000000139a8000 	/usr/lib/system/libkeymgr.dylib
0x00000000139a8000 	/usr/lib/system/liblaunch.dylib
0x00000000139a8000 	/usr/lib/system/libmacho.dylib
0x00000000139a8000 	/usr/lib/system/libquarantine.dylib
0x00000000139a8000 	/usr/lib/system/libremovefile.dylib
0x00000000139a8000 	/usr/lib/system/libsystem_asl.dylib
0x00000000139a8000 	/usr/lib/system/libsystem_blocks.dylib
0x00000000139a8000 	/usr/lib/system/libsystem_c.dylib
0x00000000139a8000 	/usr/lib/system/libsystem_configuration.dylib
0x00000000139a8000 	/usr/lib/system/libsystem_coreservices.dylib
0x00000000139a8000 	/usr/lib/system/libsystem_coretls.dylib
0x00000000139a8000 	/usr/lib/system/libsystem_dnssd.dylib
0x00000000139a8000 	/usr/lib/system/libsystem_info.dylib
0x00000000139a8000 	/usr/lib/system/libsystem_kernel.dylib
0x00000000139a8000 	/usr/lib/system/libsystem_m.dylib
0x00000000139a8000 	/usr/lib/system/libsystem_malloc.dylib
0x00000000139a8000 	/usr/lib/system/libsystem_network.dylib
0x00000000139a8000 	/usr/lib/system/libsystem_networkextension.dylib
0x00000000139a8000 	/usr/lib/system/libsystem_notify.dylib
0x00000000139a8000 	/usr/lib/system/libsystem_platform.dylib
0x00000000139a8000 	/usr/lib/system/libsystem_pthread.dylib
0x00000000139a8000 	/usr/lib/system/libsystem_sandbox.dylib
0x00000000139a8000 	/usr/lib/system/libsystem_secinit.dylib
0x00000000139a8000 	/usr/lib/system/libsystem_symptoms.dylib
0x00000000139a8000 	/usr/lib/system/libsystem_trace.dylib
0x00000000139a8000 	/usr/lib/system/libunwind.dylib
0x00000000139a8000 	/usr/lib/system/libxpc.dylib
0x00000000139a8000 	/usr/lib/libbsm.0.dylib
0x00000000139a8000 	/usr/lib/system/libkxld.dylib
0x00000000139a8000 	/usr/lib/libcoretls.dylib
0x00000000139a8000 	/usr/lib/libcoretls_cfhelpers.dylib
0x00000000139a8000 	/usr/lib/libOpenScriptingUtil.dylib
0x00000000139a8000 	/usr/lib/libpam.2.dylib
0x00000000139a8000 	/usr/lib/libsqlite3.dylib
0x00000000139a8000 	/usr/lib/libxar.1.dylib
0x00000000139a8000 	/usr/lib/libbz2.1.0.dylib
0x00000000139a8000 	/usr/lib/liblzma.5.dylib
0x00000000139a8000 	/usr/lib/libnetwork.dylib
0x00000000139a8000 	/usr/lib/libpcap.A.dylib
0x00000000139a8000 	/System/Library/Frameworks/CoreServices.framework/Versions/A/Frameworks/FSEvents.framework/Versions/A/FSEvents
0x00000000139a8000 	/System/Library/Frameworks/CoreServices.framework/Versions/A/Frameworks/CarbonCore.framework/Versions/A/CarbonCore
0x00000000139a8000 	/System/Library/Frameworks/CoreServices.framework/Versions/A/Frameworks/Metadata.framework/Versions/A/Metadata
0x00000000139a8000 	/System/Library/Frameworks/CoreServices.framework/Versions/A/Frameworks/OSServices.framework/Versions/A/OSServices
0x00000000139a8000 	/System/Library/Frameworks/CoreServices.framework/Versions/A/Frameworks/SearchKit.framework/Versions/A/SearchKit
0x00000000139a8000 	/System/Library/Frameworks/CoreServices.framework/Versions/A/Frameworks/AE.framework/Versions/A/AE
0x00000000139a8000 	/System/Library/Frameworks/CoreServices.framework/Versions/A/Frameworks/LaunchServices.framework/Versions/A/LaunchServices
0x00000000139a8000 	/System/Library/Frameworks/CoreServices.framework/Versions/A/Frameworks/DictionaryServices.framework/Versions/A/DictionaryServices
0x00000000139a8000 	/System/Library/Frameworks/CoreServices.framework/Versions/A/Frameworks/SharedFileList.framework/Versions/A/SharedFileList
0x00000000139a8000 	/System/Library/Frameworks/NetFS.framework/Versions/A/NetFS
0x00000000139a8000 	/System/Library/PrivateFrameworks/NetAuth.framework/Versions/A/NetAuth
0x00000000139a8000 	/System/Library/PrivateFrameworks/login.framework/Versions/A/Frameworks/loginsupport.framework/Versions/A/loginsupport
0x00000000139a8000 	/System/Library/PrivateFrameworks/TCC.framework/Versions/A/TCC
0x00000000139a8000 	/usr/lib/libmecabra.dylib
0x00000000139a8000 	/System/Library/Frameworks/ApplicationServices.framework/Versions/A/Frameworks/ATS.framework/Versions/A/ATS
0x00000000139a8000 	/System/Library/Frameworks/ApplicationServices.framework/Versions/A/Frameworks/ColorSync.framework/Versions/A/ColorSync
0x00000000139a8000 	/System/Library/Frameworks/ApplicationServices.framework/Versions/A/Frameworks/HIServices.framework/Versions/A/HIServices
0x00000000139a8000 	/System/Library/Frameworks/ApplicationServices.framework/Versions/A/Frameworks/LangAnalysis.framework/Versions/A/LangAnalysis
0x00000000139a8000 	/System/Library/Frameworks/ApplicationServices.framework/Versions/A/Frameworks/PrintCore.framework/Versions/A/PrintCore
0x00000000139a8000 	/System/Library/Frameworks/ApplicationServices.framework/Versions/A/Frameworks/QD.framework/Versions/A/QD
0x00000000139a8000 	/System/Library/Frameworks/ApplicationServices.framework/Versions/A/Frameworks/SpeechSynthesis.framework/Versions/A/SpeechSynthesis
0x00000000139a8000 	/System/Library/Frameworks/Accelerate.framework/Versions/A/Frameworks/vImage.framework/Versions/A/vImage
0x00000000139a8000 	/System/Library/Frameworks/Accelerate.framework/Versions/A/Frameworks/vecLib.framework/Versions/A/vecLib
0x00000000139a8000 	/System/Library/Frameworks/Accelerate.framework/Versions/A/Frameworks/vecLib.framework/Versions/A/libvDSP.dylib
0x00000000139a8000 	/System/Library/Frameworks/Accelerate.framework/Versions/A/Frameworks/vecLib.framework/Versions/A/libBNNS.dylib
0x00000000139a8000 	/System/Library/Frameworks/Accelerate.framework/Versions/A/Frameworks/vecLib.framework/Versions/A/libQuadrature.dylib
0x00000000139a8000 	/System/Library/Frameworks/Accelerate.framework/Versions/A/Frameworks/vecLib.framework/Versions/A/libvMisc.dylib
0x00000000139a8000 	/System/Library/Frameworks/Accelerate.framework/Versions/A/Frameworks/vecLib.framework/Versions/A/libLAPACK.dylib
0x00000000139a8000 	/System/Library/Frameworks/Accelerate.framework/Versions/A/Frameworks/vecLib.framework/Versions/A/libBLAS.dylib
0x00000000139a8000 	/System/Library/Frameworks/Accelerate.framework/Versions/A/Frameworks/vecLib.framework/Versions/A/libLinearAlgebra.dylib
0x00000000139a8000 	/System/Library/Frameworks/Accelerate.framework/Versions/A/Frameworks/vecLib.framework/Versions/A/libSparseBLAS.dylib
0x00000000139a8000 	/System/Library/Frameworks/ApplicationServices.framework/Versions/A/Frameworks/ATS.framework/Versions/A/Resources/libFontParser.dylib
0x00000000139a8000 	/System/Library/Frameworks/ApplicationServices.framework/Versions/A/Frameworks/ATS.framework/Versions/A/Resources/libFontRegistry.dylib
0x00000000139a8000 	/System/Library/Frameworks/ImageIO.framework/Versions/A/Resources/libJPEG.dylib
0x00000000139a8000 	/System/Library/Frameworks/ImageIO.framework/Versions/A/Resources/libTIFF.dylib
0x00000000139a8000 	/System/Library/Frameworks/ImageIO.framework/Versions/A/Resources/libPng.dylib
0x00000000139a8000 	/System/Library/Frameworks/ImageIO.framework/Versions/A/Resources/libGIF.dylib
0x00000000139a8000 	/System/Library/Frameworks/ImageIO.framework/Versions/A/Resources/libJP2.dylib
0x00000000139a8000 	/System/Library/Frameworks/ImageIO.framework/Versions/A/Resources/libRadiance.dylib
0x00000000139a8000 	/usr/lib/libcompression.dylib
0x00000000139a8000 	/System/Library/PrivateFrameworks/AppleJPEG.framework/Versions/A/AppleJPEG
0x00000000139a8000 	/usr/lib/libcups.2.dylib
0x00000000139a8000 	/System/Library/Frameworks/Kerberos.framework/Versions/A/Kerberos
0x00000000139a8000 	/System/Library/Frameworks/GSS.framework/Versions/A/GSS
0x00000000139a8000 	/usr/lib/libresolv.9.dylib
0x00000000139a8000 	/usr/lib/libiconv.2.dylib
0x00000000139a8000 	/System/Library/PrivateFrameworks/Heimdal.framework/Versions/A/Heimdal
0x00000000139a8000 	/usr/lib/libheimdal-asn1.dylib
0x00000000139a8000 	/System/Library/Frameworks/OpenDirectory.framework/Versions/A/OpenDirectory
0x00000000139a8000 	/System/Library/PrivateFrameworks/CommonAuth.framework/Versions/A/CommonAuth
0x00000000139a8000 	/System/Library/Frameworks/OpenDirectory.framework/Versions/A/Frameworks/CFOpenDirectory.framework/Versions/A/CFOpenDirectory
0x00000000139a8000 	/System/Library/Frameworks/SecurityFoundation.framework/Versions/A/SecurityFoundation
0x00000000139a8000 	/System/Library/PrivateFrameworks/LanguageModeling.framework/Versions/A/LanguageModeling
0x00000000139a8000 	/usr/lib/libmarisa.dylib
0x00000000139a8000 	/usr/lib/libChineseTokenizer.dylib
0x00000000139a8000 	/usr/lib/libcmph.dylib
0x00000000139a8000 	/System/Library/PrivateFrameworks/CoreEmoji.framework/Versions/A/CoreEmoji
0x00000000139a8000 	/System/Library/Frameworks/ServiceManagement.framework/Versions/A/ServiceManagement
0x00000000139a8000 	/usr/lib/libxslt.1.dylib
0x00000000139a8000 	/System/Library/Frameworks/Carbon.framework/Versions/A/Frameworks/Ink.framework/Versions/A/Ink
0x00000000139a8000 	/System/Library/PrivateFrameworks/TextureIO.framework/Versions/A/TextureIO
0x00000000139a8000 	/System/Library/Frameworks/Metal.framework/Versions/A/Metal
0x00000000139a8000 	/usr/lib/libate.dylib
0x00000000139a8000 	/System/Library/PrivateFrameworks/GPUCompiler.framework/libmetal_timestamp.dylib
0x00000000139a8000 	/System/Library/Frameworks/OpenGL.framework/Versions/A/Libraries/libCoreFSCache.dylib
0x00000000139a8000 	/System/Library/PrivateFrameworks/IOAccelerator.framework/Versions/A/IOAccelerator
0x00000000139a8000 	/System/Library/Frameworks/CoreVideo.framework/Versions/A/CoreVideo
0x00000000139a8000 	/usr/lib/libFosl_dynamic.dylib
0x00000000139a8000 	/System/Library/PrivateFrameworks/MetalPerformanceShaders.framework/Versions/A/MetalPerformanceShaders
0x00000000139a8000 	/System/Library/PrivateFrameworks/FaceCore.framework/Versions/A/FaceCore
0x00000000139a8000 	/System/Library/Frameworks/OpenCL.framework/Versions/A/OpenCL
0x00000000139a8000 	/System/Library/Frameworks/OpenGL.framework/Versions/A/Libraries/libGLU.dylib
0x00000000139a8000 	/System/Library/Frameworks/OpenGL.framework/Versions/A/Libraries/libGFXShared.dylib
0x00000000139a8000 	/System/Library/Frameworks/OpenGL.framework/Versions/A/Libraries/libGL.dylib
0x00000000139a8000 	/System/Library/Frameworks/OpenGL.framework/Versions/A/Libraries/libGLImage.dylib
0x00000000139a8000 	/System/Library/Frameworks/OpenGL.framework/Versions/A/Libraries/libCVMSPluginSupport.dylib
0x00000000139a8000 	/System/Library/Frameworks/OpenGL.framework/Versions/A/Libraries/libCoreVMClient.dylib
0x00000000139a8000 	/System/Library/PrivateFrameworks/CrashReporterSupport.framework/Versions/A/CrashReporterSupport
0x00000000139a8000 	/System/Library/PrivateFrameworks/Sharing.framework/Versions/A/Sharing
0x00000000139a8000 	/System/Library/PrivateFrameworks/IconServices.framework/Versions/A/IconServices
0x00000000139a8000 	/System/Library/PrivateFrameworks/ProtocolBuffer.framework/Versions/A/ProtocolBuffer
0x00000000139a8000 	/System/Library/PrivateFrameworks/Apple80211.framework/Versions/A/Apple80211
0x00000000139a8000 	/System/Library/Frameworks/CoreWLAN.framework/Versions/A/CoreWLAN
0x00000000139a8000 	/System/Library/PrivateFrameworks/CoreUtils.framework/Versions/A/CoreUtils
0x00000000139a8000 	/System/Library/Frameworks/IOBluetooth.framework/Versions/A/IOBluetooth
0x00000000139a8000 	/System/Library/PrivateFrameworks/CoreWiFi.framework/Versions/A/CoreWiFi
0x00000000139a8000 	/System/Library/Frameworks/CoreBluetooth.framework/Versions/A/CoreBluetooth
0x00000000139a8000 	/System/Library/Frameworks/CoreDisplay.framework/Versions/A/CoreDisplay
0x00000000139a8000 	/System/Library/PrivateFrameworks/IOPresentment.framework/Versions/A/IOPresentment
0x00000000139a8000 	/System/Library/PrivateFrameworks/DSExternalDisplay.framework/Versions/A/DSExternalDisplay
0x00000000139a8000 	/System/Library/PrivateFrameworks/DebugSymbols.framework/Versions/A/DebugSymbols
0x00000000139a8000 	/System/Library/PrivateFrameworks/CoreSymbolication.framework/Versions/A/CoreSymbolication
0x00000000139a8000 	/System/Library/PrivateFrameworks/Symbolication.framework/Versions/A/Symbolication
0x00000000139a8000 	/System/Library/PrivateFrameworks/AppleFSCompression.framework/Versions/A/AppleFSCompression
0x00000000139a8000 	/System/Library/PrivateFrameworks/SpeechRecognitionCore.framework/Versions/A/SpeechRecognitionCore
0x00000000139a8000 	/System/Library/PrivateFrameworks/ChunkingLibrary.framework/Versions/A/ChunkingLibrary
0x0000000102600000 	/Library/Java/JavaVirtualMachines/jdk1.8.0_66.jdk/Contents/Home/jre/lib/server/libjvm.dylib
0x00000000139a8000 	/usr/lib/libstdc++.6.dylib
0x0000000101cb9000 	/Library/Java/JavaVirtualMachines/jdk1.8.0_66.jdk/Contents/Home/jre/lib/libverify.dylib
0x0000000101cc7000 	/Library/Java/JavaVirtualMachines/jdk1.8.0_66.jdk/Contents/Home/jre/lib/libjava.dylib
0x0000000101d06000 	/Library/Java/JavaVirtualMachines/jdk1.8.0_66.jdk/Contents/Home/jre/lib/libzip.dylib
0x0000000107897000 	/System/Library/Frameworks/JavaVM.framework/Frameworks/JavaRuntimeSupport.framework/JavaRuntimeSupport
0x00000001078b1000 	/System/Library/Frameworks/JavaVM.framework/Versions/A/Frameworks/JavaNativeFoundation.framework/Versions/A/JavaNativeFoundation
0x00000001078c6000 	/System/Library/Frameworks/JavaVM.framework/Versions/A/JavaVM
0x00000000139a8000 	/System/Library/Frameworks/Carbon.framework/Versions/A/Carbon
0x00000001078d3000 	/System/Library/PrivateFrameworks/JavaLaunching.framework/Versions/A/JavaLaunching
0x00000000139a8000 	/System/Library/Frameworks/Carbon.framework/Versions/A/Frameworks/CommonPanels.framework/Versions/A/CommonPanels
0x00000000139a8000 	/System/Library/Frameworks/Carbon.framework/Versions/A/Frameworks/Help.framework/Versions/A/Help
0x00000000139a8000 	/System/Library/Frameworks/Carbon.framework/Versions/A/Frameworks/ImageCapture.framework/Versions/A/ImageCapture
0x00000000139a8000 	/System/Library/Frameworks/Carbon.framework/Versions/A/Frameworks/OpenScripting.framework/Versions/A/OpenScripting
0x00000000139a8000 	/System/Library/Frameworks/Carbon.framework/Versions/A/Frameworks/Print.framework/Versions/A/Print
0x00000000139a8000 	/System/Library/Frameworks/Carbon.framework/Versions/A/Frameworks/SecurityHI.framework/Versions/A/SecurityHI
0x00000001095c7000 	/Library/Java/JavaVirtualMachines/jdk1.8.0_66.jdk/Contents/Home/jre/lib/libnet.dylib
0x0000000109a00000 	/Library/Java/JavaVirtualMachines/jdk1.8.0_66.jdk/Contents/Home/jre/lib/libawt.dylib
0x0000000119386000 	/Library/Java/JavaVirtualMachines/jdk1.8.0_66.jdk/Contents/Home/jre/lib/./libmlib_image.dylib
0x0000000119452000 	/Library/Java/JavaVirtualMachines/jdk1.8.0_66.jdk/Contents/Home/jre/lib/libawt_lwawt.dylib
0x0000000109aa8000 	/Library/Java/JavaVirtualMachines/jdk1.8.0_66.jdk/Contents/Home/jre/lib/./libosxapp.dylib
0x00000000139a8000 	/System/Library/Frameworks/ExceptionHandling.framework/Versions/A/ExceptionHandling
0x00000000139a8000 	/System/Library/PrivateFrameworks/CoreServicesInternal.framework/Versions/A/CoreServicesInternal
0x00000000139a8000 	/System/Library/CoreServices/RawCamera.bundle/Contents/MacOS/RawCamera
0x00000000139a8000 	/System/Library/Frameworks/Accelerate.framework/Versions/A/Frameworks/vImage.framework/Versions/A/Libraries/libCGInterfaces.dylib
0x00000000139a8000 	/System/Library/Frameworks/ApplicationServices.framework/Versions/A/Frameworks/ATS.framework/Versions/A/Resources/libTrueTypeScaler.dylib
0x000000011b1a7000 	/System/Library/Frameworks/OpenGL.framework/Resources/GLEngine.bundle/GLEngine
0x00000000139a8000 	/System/Library/Frameworks/OpenGL.framework/Versions/A/Libraries/libGLProgrammability.dylib
0x000000011b38c000 	/System/Library/Extensions/AppleIntelBDWGraphicsGLDriver.bundle/Contents/MacOS/AppleIntelBDWGraphicsGLDriver
0x00000000139a8000 	/System/Library/PrivateFrameworks/GPUSupport.framework/Versions/A/Libraries/libGPUSupportMercury.dylib
0x000000011baf6000 	/System/Library/Frameworks/OpenGL.framework/Resources//GLRendererFloat.bundle/GLRendererFloat
0x00000000139a8000 	/System/Library/Frameworks/OpenCL.framework/Versions/A/Libraries/libcldcpuengine.dylib
0x00000000139a8000 	/usr/lib/libcrypto.0.9.8.dylib
0x00000000139a8000 	/System/Library/PrivateFrameworks/TrustEvaluationAgent.framework/Versions/A/TrustEvaluationAgent
0x000000011bb2a000 	/System/Library/Extensions/AppleIntelBDWGraphicsMTLDriver.bundle/Contents/MacOS/AppleIntelBDWGraphicsMTLDriver
0x00000000139a8000 	/System/Library/PrivateFrameworks/FamilyControls.framework/Versions/A/FamilyControls
0x00000000139a8000 	/System/Library/PrivateFrameworks/CommerceKit.framework/Versions/A/Frameworks/CommerceCore.framework/Versions/A/CommerceCore
0x00000000139a8000 	/System/Library/PrivateFrameworks/SystemAdministration.framework/Versions/A/SystemAdministration
0x00000000139a8000 	/System/Library/PrivateFrameworks/AppContainer.framework/Versions/A/AppContainer
0x00000000139a8000 	/System/Library/PrivateFrameworks/SecCodeWrapper.framework/Versions/A/SecCodeWrapper
0x00000000139a8000 	/System/Library/Frameworks/DirectoryService.framework/Versions/A/DirectoryService
0x00000000139a8000 	/System/Library/PrivateFrameworks/DiskImages.framework/Versions/A/DiskImages
0x00000000139a8000 	/System/Library/PrivateFrameworks/LoginUIKit.framework/Versions/A/Frameworks/LoginUICore.framework/Versions/A/LoginUICore
0x00000000139a8000 	/usr/lib/libCoreStorage.dylib
0x00000000139a8000 	/usr/lib/libcsfde.dylib
0x00000000139a8000 	/usr/lib/libodfde.dylib
0x00000000139a8000 	/System/Library/Frameworks/DiscRecording.framework/Versions/A/DiscRecording
0x00000000139a8000 	/usr/lib/libcurl.4.dylib
0x00000000139a8000 	/System/Library/PrivateFrameworks/MediaKit.framework/Versions/A/MediaKit
0x00000000139a8000 	/System/Library/PrivateFrameworks/ProtectedCloudStorage.framework/Versions/A/ProtectedCloudStorage
0x00000000139a8000 	/System/Library/PrivateFrameworks/EFILogin.framework/Versions/A/EFILogin
0x00000000139a8000 	/usr/lib/libutil.dylib
0x00000000139a8000 	/System/Library/Frameworks/LDAP.framework/Versions/A/LDAP
0x00000000139a8000 	/usr/lib/libsasl2.2.dylib
0x00000000139a8000 	/System/Library/PrivateFrameworks/CoreDaemon.framework/Versions/B/CoreDaemon
0x00000000139a8000 	/System/Library/PrivateFrameworks/AppleSRP.framework/Versions/A/AppleSRP
0x00000000139a8000 	/System/Library/PrivateFrameworks/APFS.framework/Versions/A/APFS
0x000000011d152000 	/Library/Java/JavaVirtualMachines/jdk1.8.0_66.jdk/Contents/Home/jre/lib/libfontmanager.dylib
0x00000000139a8000 	/System/Library/PrivateFrameworks/ViewBridge.framework/Versions/A/ViewBridge
0x00000000139a8000 	/System/Library/PrivateFrameworks/XPCService.framework/Versions/A/XPCService
0x00000000139a8000 	/System/Library/PrivateFrameworks/AppSandbox.framework/Versions/A/AppSandbox
0x00000000139a8000 	/usr/lib/libsandbox.1.dylib
0x00000000139a8000 	/usr/lib/libMatch.1.dylib
0x000000011de6d000 	/Library/Java/JavaVirtualMachines/jdk1.8.0_66.jdk/Contents/Home/jre/lib/libnio.dylib
0x000000011e07d000 	/private/var/folders/sq/36lkdsmj5nlf088bmfq_cmvr0000gn/T/jna-119831599/jna942895804972300706.tmp
0x000000011e111000 	/Users/ayalgelles/insane-noises/target/native/macosx/x86_64/libscsynth.dylib
0x0000000109441000 	/Library/Java/JavaVirtualMachines/jdk1.8.0_66.jdk/Contents/Home/jre/lib/libjsound.dylib
0x000000011f0d4000 	/System/Library/Frameworks/CoreMIDI.framework/Versions/A/CoreMIDI
0x000000011f13a000 	/usr/lib/libexpat.1.dylib
0x0000000109454000 	/System/Library/Extensions/AppleHDA.kext/Contents/PlugIns/AppleHDAHALPlugIn.bundle/Contents/MacOS/AppleHDAHALPlugIn
0x000000011f361000 	/Library/Java/JavaVirtualMachines/jdk1.8.0_66.jdk/Contents/Home/jre/lib/libmanagement.dylib
0x000000011f36f000 	/Users/ayalgelles/insane-noises/target/native/macosx/x86_64/AmbisonicUGens.scx
0x000000011f375000 	/Users/ayalgelles/insane-noises/target/native/macosx/x86_64/AtkUGens.scx
0x000000011f38e000 	/Users/ayalgelles/insane-noises/target/native/macosx/x86_64/AY_UGen.scx
0x000000011f395000 	/Users/ayalgelles/insane-noises/target/native/macosx/x86_64/BatPVUgens.scx
0x000000011f39d000 	/Users/ayalgelles/insane-noises/target/native/macosx/x86_64/BatUGens.scx
0x000000011f3a2000 	/Users/ayalgelles/insane-noises/target/native/macosx/x86_64/BBCut2UGens.scx
0x000000011f3aa000 	/Users/ayalgelles/insane-noises/target/native/macosx/x86_64/BerlachUGens.scx
0x000000011f3bb000 	/Users/ayalgelles/insane-noises/target/native/macosx/x86_64/BetablockerUGens.scx
0x000000011f3c3000 	/Users/ayalgelles/insane-noises/target/native/macosx/x86_64/BhobChaos.scx
0x000000011f3ce000 	/Users/ayalgelles/insane-noises/target/native/macosx/x86_64/BhobFFT.scx
0x000000011f3e1000 	/Users/ayalgelles/insane-noises/target/native/macosx/x86_64/BhobFilt.scx
0x000000011f3f3000 	/Users/ayalgelles/insane-noises/target/native/macosx/x86_64/BhobGrain.scx
0x000000011f3fa000 	/Users/ayalgelles/insane-noises/target/native/macosx/x86_64/BhobNoise.scx
0x000000011f403000 	/Users/ayalgelles/insane-noises/target/native/macosx/x86_64/BinaryOpUGens.scx
0x000000011f42c000 	/Users/ayalgelles/insane-noises/target/native/macosx/x86_64/BlackrainUGens.scx
0x000000011f431000 	/Users/ayalgelles/insane-noises/target/native/macosx/x86_64/ChaosUGens.scx
0x000000011f43a000 	/Users/ayalgelles/insane-noises/target/native/macosx/x86_64/Concat.scx
0x000000011f441000 	/Users/ayalgelles/insane-noises/target/native/macosx/x86_64/DelayUGens.scx
0x000000011f46c000 	/Users/ayalgelles/insane-noises/target/native/macosx/x86_64/DemandUGens.scx
0x000000011f477000 	/Users/ayalgelles/insane-noises/target/native/macosx/x86_64/DiskIO_UGens.scx
0x000000011f4ed000 	/Users/ayalgelles/insane-noises/target/native/macosx/x86_64/DistortionUGens.scx
0x000000011f4f1000 	/Users/ayalgelles/insane-noises/target/native/macosx/x86_64/DynNoiseUGens.scx
0x000000011f4f6000 	/Users/ayalgelles/insane-noises/target/native/macosx/x86_64/FFT_UGens.scx
0x000000011f516000 	/Users/ayalgelles/insane-noises/target/native/macosx/x86_64/FilterUGens.scx
0x000000011f532000 	/Users/ayalgelles/insane-noises/target/native/macosx/x86_64/GendynUGens.scx
0x000000011f537000 	/Users/ayalgelles/insane-noises/target/native/macosx/x86_64/GlitchUGens.scx
0x000000011f53c000 	/Users/ayalgelles/insane-noises/target/native/macosx/x86_64/GrainUGens.scx
0x000000011f54f000 	/Users/ayalgelles/insane-noises/target/native/macosx/x86_64/IOUGens.scx
0x000000011f557000 	/Users/ayalgelles/insane-noises/target/native/macosx/x86_64/JoshAmbiUGens.scx
0x000000011f564000 	/Users/ayalgelles/insane-noises/target/native/macosx/x86_64/JoshGrainUGens.scx
0x000000011f58f000 	/Users/ayalgelles/insane-noises/target/native/macosx/x86_64/JoshPVUGens.scx
0x000000011f5ac000 	/Users/ayalgelles/insane-noises/target/native/macosx/x86_64/JoshUGens.scx
0x000000011f5c6000 	/Users/ayalgelles/insane-noises/target/native/macosx/x86_64/KeyboardUGens.scx
0x000000011f5cb000 	/Users/ayalgelles/insane-noises/target/native/macosx/x86_64/LadspaUGen.scx
0x000000011f5cf000 	/Users/ayalgelles/insane-noises/target/native/macosx/x86_64/LFUGens.scx
0x000000011f5e2000 	/Users/ayalgelles/insane-noises/target/native/macosx/x86_64/LoopBuf.scx
0x000000011f5e7000 	/Users/ayalgelles/insane-noises/target/native/macosx/x86_64/MCLDBufferUGens.scx
0x000000011f5ec000 	/Users/ayalgelles/insane-noises/target/native/macosx/x86_64/MCLDCepstrumUGens.scx
0x000000011f5fc000 	/Users/ayalgelles/insane-noises/target/native/macosx/x86_64/MCLDChaosUGens.scx
0x000000011f602000 	/Users/ayalgelles/insane-noises/target/native/macosx/x86_64/MCLDDistortionUGens.scx
0x000000011f606000 	/Users/ayalgelles/insane-noises/target/native/macosx/x86_64/MCLDFFTUGens.scx
0x000000011f61b000 	/Users/ayalgelles/insane-noises/target/native/macosx/x86_64/MCLDFilterUGens.scx
0x000000011f61f000 	/Users/ayalgelles/insane-noises/target/native/macosx/x86_64/MCLDGetenvUGen.scx
0x000000011f623000 	/Users/ayalgelles/insane-noises/target/native/macosx/x86_64/MCLDOscUGens.scx
0x000000011f627000 	/Users/ayalgelles/insane-noises/target/native/macosx/x86_64/MCLDPollUGens.scx
0x000000011f62b000 	/Users/ayalgelles/insane-noises/target/native/macosx/x86_64/MCLDSOMUGens.scx
0x000000011f631000 	/Users/ayalgelles/insane-noises/target/native/macosx/x86_64/MCLDTreeUGens.scx
0x000000011f636000 	/Users/ayalgelles/insane-noises/target/native/macosx/x86_64/MCLDTriggeredStatsUgens.scx
0x000000011f63a000 	/Users/ayalgelles/insane-noises/target/native/macosx/x86_64/MdaUGens.scx
0x000000011f75c000 	/Users/ayalgelles/insane-noises/target/native/macosx/x86_64/MembraneUGens.scx
0x000000011f761000 	/Users/ayalgelles/insane-noises/target/native/macosx/x86_64/ML_UGens.scx
0x000000011f794000 	/Users/ayalgelles/insane-noises/target/native/macosx/x86_64/MouseUGens.scx
0x000000011f79a000 	/Users/ayalgelles/insane-noises/target/native/macosx/x86_64/MulAddUGens.scx
0x000000011f7a1000 	/Users/ayalgelles/insane-noises/target/native/macosx/x86_64/NCAnalysisUGens.scx
0x000000011f7c0000 	/Users/ayalgelles/insane-noises/target/native/macosx/x86_64/NoiseUGens.scx
0x000000011f7c7000 	/Users/ayalgelles/insane-noises/target/native/macosx/x86_64/OscUGens.scx
0x000000011f7d7000 	/Users/ayalgelles/insane-noises/target/native/macosx/x86_64/PanUGens.scx
0x000000011f7e0000 	/Users/ayalgelles/insane-noises/target/native/macosx/x86_64/PhysicalModelingUGens.scx
0x000000011f7e4000 	/Users/ayalgelles/insane-noises/target/native/macosx/x86_64/PitchDetection.scx
0x000000011f7eb000 	/Users/ayalgelles/insane-noises/target/native/macosx/x86_64/PV_ThirdParty.scx
0x000000011f7ff000 	/Users/ayalgelles/insane-noises/target/native/macosx/x86_64/ReverbUGens.scx
0x000000011f807000 	/Users/ayalgelles/insane-noises/target/native/macosx/x86_64/RFWUGens.scx
0x000000011f80b000 	/Users/ayalgelles/insane-noises/target/native/macosx/x86_64/RMEQSuite.scx
0x000000011f813000 	/Users/ayalgelles/insane-noises/target/native/macosx/x86_64/SLUGens.scx
0x000000011f822000 	/Users/ayalgelles/insane-noises/target/native/macosx/x86_64/StkUGens.scx
0x000000011f8cf000 	/Users/ayalgelles/insane-noises/target/native/macosx/x86_64/SummerUGens.scx
0x000000011f8d4000 	/Users/ayalgelles/insane-noises/target/native/macosx/x86_64/TagSystemUgens.scx
0x000000011f8da000 	/Users/ayalgelles/insane-noises/target/native/macosx/x86_64/TestUGens.scx
0x000000011f8de000 	/Users/ayalgelles/insane-noises/target/native/macosx/x86_64/TJUGens.scx
0x000000011f8e8000 	/Users/ayalgelles/insane-noises/target/native/macosx/x86_64/TriggerUGens.scx
0x000000011f8f4000 	/Users/ayalgelles/insane-noises/target/native/macosx/x86_64/UnaryOpUGens.scx
0x000000011f90a000 	/Users/ayalgelles/insane-noises/target/native/macosx/x86_64/UnpackFFTUGens.scx
0x000000011f916000 	/Users/ayalgelles/insane-noises/target/native/macosx/x86_64/VBAP.scx
0x000000011f91c000 	/Users/ayalgelles/insane-noises/target/native/macosx/x86_64/VOSIM.scx

VM Arguments:
jvm_args: -Dfile.encoding=UTF-8 -XX:-OmitStackTraceInFastThrow -XX:+TieredCompilation -XX:TieredStopAtLevel=1 -Dclojure.compile.path=/Users/ayalgelles/insane-noises/target/classes -Dtutorial.version=1.0 -Dclojure.debug=false -Djava.library.path=/Users/ayalgelles/insane-noises/target/native/macosx/x86_64 
java_command: clojure.main -i /private/var/folders/sq/36lkdsmj5nlf088bmfq_cmvr0000gn/T/form-init2748010303725642591.clj
java_class_path (initial): /Users/ayalgelles/insane-noises/test:/Users/ayalgelles/insane-noises/src:/Users/ayalgelles/insane-noises/dev-resources:/Users/ayalgelles/insane-noises/resources:/Users/ayalgelles/insane-noises/target/classes:/Users/ayalgelles/.m2/repository/org/tcrawley/dynapath/1.0.0/dynapath-1.0.0.jar:/Users/ayalgelles/.m2/repository/org/clojure/clojure/1.8.0/clojure-1.8.0.jar:/Users/ayalgelles/.m2/repository/overtone/scsynth-extras/3.5.7.0/scsynth-extras-3.5.7.0.jar:/Users/ayalgelles/.m2/repository/cider/cider-nrepl/0.16.0/cider-nrepl-0.16.0.jar:/Users/ayalgelles/.m2/repository/overtone/at-at/1.2.0/at-at-1.2.0.jar:/Users/ayalgelles/.m2/repository/clojure-complete/clojure-complete/0.2.4/clojure-complete-0.2.4.jar:/Users/ayalgelles/.m2/repository/overtone/byte-spec/0.3.1/byte-spec-0.3.1.jar:/Users/ayalgelles/.m2/repository/org/clojure/tools.nrepl/0.2.13/tools.nrepl-0.2.13.jar:/Users/ayalgelles/.m2/repository/overtone/osc-clj/0.9.0/osc-clj-0.9.0.jar:/Users/ayalgelles/.m2/repository/overtone/libs.handlers/0.2.0/libs.handlers-0.2.0.jar:/Users/ayalgelles/.m2/repository/overtone/overtone/0.10.3/overtone-0.10.3.jar:/Users/ayalgelles/.m2/repository/overtone/scsynth/3.5.7.0/scsynth-3.5.7.0.jar:/Users/ayalgelles/.m2/repository/commons-net/commons-net/3.0.1/commons-net-3.0.1.jar:/Users/ayalgelles/.m2/repository/javax/jmdns/jmdns/3.4.1/jmdns-3.4.1.jar:/Users/ayalgelles/.m2/repository/org/clojure/data.json/0.2.6/data.json-0.2.6.jar:/Users/ayalgelles/.m2/repository/net/java/dev/jna/jna/4.1.0/jna-4.1.0.jar:/Users/ayalgelles/.m2/repository/clj-glob/clj-glob/1.0.0/clj-glob-1.0.0.jar:/Users/ayalgelles/.m2/repository/overtone/midi-clj/0.5.0/midi-clj-0.5.0.jar:/Users/ayalgelles/.m2/repository/clj-native/clj-native/0.9.5/clj-native-0.9.5.jar
Launcher Type: SUN_STANDARD

Environment Variables:
PATH=/Users/ayalgelles/.nvm/versions/node/v10.9.0/bin:/usr/local/bin:/usr/local/bin:/usr/bin:/bin:/usr/sbin:/sbin:/opt/X11/bin
SHELL=/bin/bash
DISPLAY=/private/tmp/com.apple.launchd.fdF3XNIdHr/org.macosforge.xquartz:0

Signal Handlers:
SIGSEGV: [libjvm.dylib+0x5a65d5], sa_mask[0]=11111111011111110111111111111111, sa_flags=SA_ONSTACK|SA_RESTART|SA_SIGINFO
SIGBUS: [libjvm.dylib+0x5a65d5], sa_mask[0]=11111111011111110111111111111111, sa_flags=SA_RESTART|SA_SIGINFO
SIGFPE: [libjvm.dylib+0x4802e8], sa_mask[0]=11111111011111110111111111111111, sa_flags=SA_RESTART|SA_SIGINFO
SIGPIPE: [libjvm.dylib+0x4802e8], sa_mask[0]=11111111011111110111111111111111, sa_flags=SA_RESTART|SA_SIGINFO
SIGXFSZ: [libjvm.dylib+0x4802e8], sa_mask[0]=11111111011111110111111111111111, sa_flags=SA_RESTART|SA_SIGINFO
SIGILL: [libjvm.dylib+0x4802e8], sa_mask[0]=11111111011111110111111111111111, sa_flags=SA_RESTART|SA_SIGINFO
SIGUSR1: SIG_DFL, sa_mask[0]=11011111011111100000000111000110, sa_flags=none
SIGUSR2: [libjvm.dylib+0x47fe06], sa_mask[0]=00100000000000000000000000000000, sa_flags=SA_RESTART|SA_SIGINFO
SIGHUP: [libjvm.dylib+0x47e3dd], sa_mask[0]=11111111011111110111111111111111, sa_flags=SA_RESTART|SA_SIGINFO
SIGINT: [libjvm.dylib+0x47e3dd], sa_mask[0]=11111111011111110111111111111111, sa_flags=SA_RESTART|SA_SIGINFO
SIGTERM: [libjvm.dylib+0x47e3dd], sa_mask[0]=11111111011111110111111111111111, sa_flags=SA_RESTART|SA_SIGINFO
SIGQUIT: [libjvm.dylib+0x47e3dd], sa_mask[0]=11111111011111110111111111111111, sa_flags=SA_RESTART|SA_SIGINFO


---------------  S Y S T E M  ---------------

OS:Bsduname:Darwin 16.7.0 Darwin Kernel Version 16.7.0: Thu Jun 21 20:07:39 PDT 2018; root:xnu-3789.73.14~1/RELEASE_X86_64 x86_64
rlimit: STACK 8515k, CORE 0k, NPROC 709, NOFILE 10240, AS infinity
load average:3.17 2.20 1.95

CPU:total 4 (2 cores per cpu, 2 threads per core) family 6 model 61 stepping 4, cmov, cx8, fxsr, mmx, sse, sse2, sse3, ssse3, sse4.1, sse4.2, popcnt, avx, avx2, aes, clmul, erms, 3dnowpref, lzcnt, ht, tsc, tscinvbit, bmi1, bmi2, adx

Memory: 4k page, physical 4194304k(17228k free)

/proc/meminfo:


vm_info: Java HotSpot(TM) 64-Bit Server VM (25.66-b17) for bsd-amd64 JRE (1.8.0_66-b17), built on Oct  6 2015 16:09:13 by "java_re" with gcc 4.2.1 (Based on Apple Inc. build 5658) (LLVM build 2336.11.00)

time: Mon Nov  5 13:10:05 2018
elapsed time: 17 seconds (0d 0h 0m 17s)

