#
# A fatal error has been detected by the Java Runtime Environment:
#
#  SIGSEGV (0xb) at pc=0x00000001104a457c, pid=82368, tid=87815
#
# JRE version: Java(TM) SE Runtime Environment (8.0_66-b17) (build 1.8.0_66-b17)
# Java VM: Java HotSpot(TM) 64-Bit Server VM (25.66-b17 mixed mode bsd-amd64 compressed oops)
# Problematic frame:
# C  [libscsynth.dylib+0x557c]  SC_UdpInPort::SC_UdpInPort(World*, int)+0x1be
#
# Failed to write core dump. Core dumps have been disabled. To enable core dumping, try "ulimit -c unlimited" before starting Java again
#
# If you would like to submit a bug report, please visit:
#   http://bugreport.java.com/bugreport/crash.jsp
# The crash happened outside the Java Virtual Machine in native code.
# See problematic frame for where to report the bug.
#

---------------  T H R E A D  ---------------

Current thread (0x00007f921594e000):  JavaThread "Thread-8" daemon [_thread_in_native, id=87815, stack(0x0000700006248000,0x0000700006348000)]

siginfo: si_signo: 11 (SIGSEGV), si_code: 1 (SEGV_MAPERR), si_addr: 0x0000000000000160

Registers:
RAX=0x0000000000000000, RBX=0x0000000000000000, RCX=0x0000000000000000, RDX=0x0000000000000000
RSP=0x0000700006346990, RBP=0x0000700006346a10, RSI=0x0000000000000003, RDI=0x0000700007381000
R8 =0x000000000001580b, R9 =0x0000000000000000, R10=0x000000000000002c, R11=0x0000000000000206
R12=0x0000000000000004, R13=0x0000000000000002, R14=0x00007f92189ec800, R15=0x0000700007381000
RIP=0x00000001104a457c, EFLAGS=0x0000000000010202, ERR=0x0000000000000004
  TRAPNO=0x000000000000000e

Top of Stack: (sp=0x0000700006346990)
0x0000700006346990:   0000000000000000 00010000180379d0
0x00007000063469a0:   00007000063469c0 00007fff9e6bb200
0x00007000063469b0:   0000000000000000 0000000000010048
0x00007000063469c0:   0000000a0000003f 000000029d144e0e
0x00007000063469d0:   00007f92189ec800 0000000000000000
0x00007000063469e0:   00007f92180379d0 00000001104c3614
0x00007000063469f0:   0000000000000001 0000700006347538
0x0000700006346a00:   00007f92180379d0 000000011041894c
0x0000700006346a10:   000000000000000a 00007000063475d0
0x0000700006346a20:   0000700006346b10 0000000110418456
0x0000700006346a30:   0000700006346a01 00000001103f2460
0x0000700006346a40:   0000700006347200 0000700006346ac0
0x0000700006346a50:   00000001103f2460 0000700006346ad4
0x0000700006346a60:   0000700006346ad0 0000700006346ac0
0x0000700006346a70:   0000700006347440 00007000063475d0
0x0000700006346a80:   00000001104c35f0 00007f9218037940
0x0000700006346a90:   0000700006346960 0000700006346a10
0x0000700006346aa0:   0000000000000002 0000000200000002
0x0000700006346ab0:   0000700006346960 000000011594e1f8
0x0000700006346ac0:   00007f9200000002 0000000000000000
0x0000700006346ad0:   0000000100000000 7817b86394880029
0x0000700006346ae0:   0000700006346b10 00007000063475d0
0x0000700006346af0:   00007f92180379e0 0000000000000000
0x0000700006346b00:   00007f9218037940 0000000000000001
0x0000700006346b10:   0000700006347420 0000000110412a53
0x0000700006346b20:   0000700006346b60 0000000103e7ceec
0x0000700006346b30:   0000700006347420 0000000110412655
0x0000700006346b40:   0000000000000000 0000000000000000
0x0000700006346b50:   0000700006347420 0000000110412629
0x0000700006346b60:   0000000000000000 0000000000000000
0x0000700006346b70:   0000000000000010 0000000000000001
0x0000700006346b80:   0000700006346c10 00007f9218037960 

Instructions: (pc=0x00000001104a457c)
0x00000001104a455c:   24 3c 02 00 00 00 c7 44 24 30 3f 00 00 00 be 02
0x00000001104a456c:   00 00 00 48 8d 54 24 30 4c 89 ff e8 5c 13 07 00
0x00000001104a457c:   80 bb 60 01 00 00 00 74 15 49 8d 7e 30 31 f6 48
0x00000001104a458c:   8d 15 3e ed ff ff 4c 89 f1 e8 08 13 07 00 48 83 

Register to memory mapping:

RAX=0x0000000000000000 is an unknown value
RBX=0x0000000000000000 is an unknown value
RCX=0x0000000000000000 is an unknown value
RDX=0x0000000000000000 is an unknown value
RSP=0x0000700006346990 is pointing into the stack for thread: 0x00007f921594e000
RBP=0x0000700006346a10 is pointing into the stack for thread: 0x00007f921594e000
RSI=0x0000000000000003 is an unknown value
RDI=0x0000700007381000 is an unknown value
R8 =0x000000000001580b is an unknown value
R9 =0x0000000000000000 is an unknown value
R10=0x000000000000002c is an unknown value
R11=0x0000000000000206 is an unknown value
R12=0x0000000000000004 is an unknown value
R13=0x0000000000000002 is an unknown value
R14=0x00007f92189ec800 is an unknown value
R15=0x0000700007381000 is an unknown value


Stack: [0x0000700006248000,0x0000700006348000],  sp=0x0000700006346990,  free space=1018k
Native frames: (J=compiled Java code, j=interpreted, Vv=VM code, C=native code)
C  [libscsynth.dylib+0x557c]  SC_UdpInPort::SC_UdpInPort(World*, int)+0x1be
C  0x00007000063475d0

Java frames: (J=compiled Java code, j=interpreted, Vv=VM code)
j  overtone.sc.machinery.server.native.lib_bca77a04_dda7_4ca8_bc7b_beba2287b6cb.World_OpenUDP(Lcom/sun/jna/Pointer;I)I+0
j  overtone.sc.machinery.server.native$eval7641$fn__7642.invoke(Ljava/lang/Object;Ljava/lang/Object;)Ljava/lang/Object;+15
j  overtone.sc.machinery.server.native$scsynth_listen_udp.invokeStatic(Ljava/lang/Object;Ljava/lang/Object;)Ljava/lang/Object;+55
j  overtone.sc.machinery.server.native$scsynth_listen_udp.invoke(Ljava/lang/Object;Ljava/lang/Object;)Ljava/lang/Object;+6
j  overtone.sc.machinery.server.connection$internal_booter.invokeStatic(Ljava/lang/Object;)Ljava/lang/Object;+201
j  overtone.sc.machinery.server.connection$internal_booter.invoke(Ljava/lang/Object;)Ljava/lang/Object;+3
j  overtone.sc.machinery.server.connection$boot_internal_server$fn__7734.invoke()Ljava/lang/Object;+13
j  clojure.lang.AFn.run()V+1
j  java.lang.Thread.run()V+11
v  ~StubRoutines::call_stub

---------------  P R O C E S S  ---------------

Java Threads: ( => current thread )
=>0x00007f921594e000 JavaThread "Thread-8" daemon [_thread_in_native, id=87815, stack(0x0000700006248000,0x0000700006348000)]
  0x00007f9214259000 JavaThread "pool-2-thread-6" [_thread_blocked, id=71683, stack(0x0000700006f6f000,0x000070000706f000)]
  0x00007f921421c000 JavaThread "pool-2-thread-5" [_thread_blocked, id=71171, stack(0x0000700006e6c000,0x0000700006f6c000)]
  0x00007f92143ee800 JavaThread "pool-2-thread-4" [_thread_blocked, id=70659, stack(0x0000700006d69000,0x0000700006e69000)]
  0x00007f921424c800 JavaThread "pool-2-thread-3" [_thread_blocked, id=70147, stack(0x0000700006c66000,0x0000700006d66000)]
  0x00007f921447b000 JavaThread "pool-2-thread-2" [_thread_blocked, id=69635, stack(0x0000700006b63000,0x0000700006c63000)]
  0x00007f921447a800 JavaThread "pool-2-thread-1" [_thread_blocked, id=69123, stack(0x0000700006a60000,0x0000700006b60000)]
  0x00007f9214ead000 JavaThread "pool-3-thread-6" [_thread_blocked, id=68611, stack(0x000070000695d000,0x0000700006a5d000)]
  0x00007f9214fcc000 JavaThread "pool-3-thread-5" [_thread_blocked, id=68099, stack(0x000070000685a000,0x000070000695a000)]
  0x00007f921593d000 JavaThread "pool-3-thread-4" [_thread_blocked, id=67587, stack(0x0000700006757000,0x0000700006857000)]
  0x00007f921528d800 JavaThread "pool-3-thread-3" [_thread_blocked, id=32547, stack(0x000070000603f000,0x000070000613f000)]
  0x00007f9214085000 JavaThread "pool-3-thread-2" [_thread_blocked, id=67075, stack(0x0000700006654000,0x0000700006754000)]
  0x00007f9214c99000 JavaThread "pool-3-thread-1" [_thread_blocked, id=66563, stack(0x0000700006551000,0x0000700006651000)]
  0x00007f9214d3b000 JavaThread "Java2D Disposer" daemon [_thread_blocked, id=60431, stack(0x000070000644e000,0x000070000654e000)]
  0x00007f921513d800 JavaThread "Java2D Queue Flusher" daemon [_thread_blocked, id=58375, stack(0x000070000634b000,0x000070000644b000)]
  0x00007f9214407800 JavaThread "AppKit Thread" daemon [_thread_in_native, id=775, stack(0x00007fff5c360180,0x00007fff5cbb1000)]
  0x00007f9215866800 JavaThread "clojure-agent-send-off-pool-4" [_thread_blocked, id=22275, stack(0x0000700005eb9000,0x0000700005fb9000)]
  0x00007f9214397000 JavaThread "nREPL-worker-0" daemon [_thread_blocked, id=21763, stack(0x0000700005db6000,0x0000700005eb6000)]
  0x00007f921438f800 JavaThread "clojure-agent-send-off-pool-3" [_thread_blocked, id=21251, stack(0x0000700005cb3000,0x0000700005db3000)]
  0x00007f9215866000 JavaThread "clojure-agent-send-off-pool-2" [_thread_in_native, id=20739, stack(0x0000700005bb0000,0x0000700005cb0000)]
  0x00007f9214a44000 JavaThread "clojure-agent-send-off-pool-1" [_thread_blocked, id=20227, stack(0x0000700005aad000,0x0000700005bad000)]
  0x00007f9214a5d000 JavaThread "clojure-agent-send-off-pool-0" [_thread_in_native, id=19715, stack(0x00007000059aa000,0x0000700005aaa000)]
  0x00007f921489e000 JavaThread "Service Thread" daemon [_thread_blocked, id=18691, stack(0x00007000057a4000,0x00007000058a4000)]
  0x00007f921489d800 JavaThread "C1 CompilerThread2" daemon [_thread_blocked, id=18179, stack(0x00007000056a1000,0x00007000057a1000)]
  0x00007f9214837000 JavaThread "C2 CompilerThread1" daemon [_thread_blocked, id=17667, stack(0x000070000559e000,0x000070000569e000)]
  0x00007f9214029800 JavaThread "C2 CompilerThread0" daemon [_thread_blocked, id=17155, stack(0x000070000549b000,0x000070000559b000)]
  0x00007f9214028800 JavaThread "Signal Dispatcher" daemon [_thread_blocked, id=16643, stack(0x0000700005398000,0x0000700005498000)]
  0x00007f921400f800 JavaThread "Finalizer" daemon [_thread_blocked, id=12291, stack(0x0000700005212000,0x0000700005312000)]
  0x00007f921400f000 JavaThread "Reference Handler" daemon [_thread_blocked, id=11779, stack(0x000070000510f000,0x000070000520f000)]
  0x00007f9214803000 JavaThread "main" [_thread_blocked, id=6915, stack(0x0000700004afd000,0x0000700004bfd000)]

Other Threads:
  0x00007f9214860000 VMThread [stack: 0x000070000500c000,0x000070000510c000] [id=11267]
  0x00007f9215006000 WatcherThread [stack: 0x00007000058a7000,0x00007000059a7000] [id=19203]

VM state:not at safepoint (normal execution)

VM Mutex/Monitor currently owned by a thread: None

Heap:
 PSYoungGen      total 326144K, used 158184K [0x00000007aab00000, 0x00000007c0000000, 0x00000007c0000000)
  eden space 313344K, 50% used [0x00000007aab00000,0x00000007b457a1c8,0x00000007bdd00000)
  from space 12800K, 0% used [0x00000007bdd00000,0x00000007bdd00000,0x00000007be980000)
  to   space 18432K, 0% used [0x00000007bee00000,0x00000007bee00000,0x00000007c0000000)
 ParOldGen       total 100864K, used 45480K [0x0000000780000000, 0x0000000786280000, 0x00000007aab00000)
  object space 100864K, 45% used [0x0000000780000000,0x0000000782c6a170,0x0000000786280000)
 Metaspace       used 46030K, capacity 62785K, committed 63000K, reserved 1093632K
  class space    used 12835K, capacity 18421K, committed 18456K, reserved 1048576K

Card table byte_map: [0x0000000104d46000,0x0000000104f47000] byte_map_base: 0x0000000101146000

Marking Bits: (ParMarkBitMap*) 0x00000001042dde20
 Begin Bits: [0x000000010509d000, 0x000000010609d000)
 End Bits:   [0x000000010609d000, 0x000000010709d000)

Polling page: 0x000000010310f000

CodeCache: size=245760Kb used=8480Kb max_used=8480Kb free=237279Kb
 bounds [0x0000000112203000, 0x0000000112a53000, 0x0000000121203000]
 total_blobs=4130 nmethods=3625 adapters=418
 compilation: enabled

Compilation events (10 events):
Event: 14.738 Thread 0x00007f921489d800 3634       1       java.io.FilterOutputStream::write (9 bytes)
Event: 14.738 Thread 0x00007f921489d800 nmethod 3634 0x0000000112a4aa10 code [0x0000000112a4ab80, 0x0000000112a4acc8]
Event: 14.753 Thread 0x00007f921489d800 3635       1       clojure.lang.BigInt::toBigInteger (20 bytes)
Event: 14.753 Thread 0x00007f921489d800 nmethod 3635 0x0000000112a4ad50 code [0x0000000112a4aec0, 0x0000000112a4b008]
Event: 14.758 Thread 0x00007f921489d800 3636       1       java.util.LinkedHashMap$LinkedHashIterator::nextNode (54 bytes)
Event: 14.758 Thread 0x00007f921489d800 nmethod 3636 0x0000000112a4b090 code [0x0000000112a4b220, 0x0000000112a4b498]
Event: 15.200 Thread 0x00007f921489d800 3638       1       java.math.BigInteger::valueOf (62 bytes)
Event: 15.201 Thread 0x00007f921489d800 nmethod 3638 0x0000000112a4b610 code [0x0000000112a4b780, 0x0000000112a4ba28]
Event: 15.201 Thread 0x00007f921489d800 3637       1       clojure.lang.Numbers$BigIntOps::combine (8 bytes)
Event: 15.201 Thread 0x00007f921489d800 nmethod 3637 0x0000000112a4bb90 code [0x0000000112a4bd00, 0x0000000112a4be48]

GC Heap History (10 events):
Event: 10.098 GC heap before
{Heap before GC invocations=16 (full 2):
 PSYoungGen      total 333312K, used 328220K [0x00000007aab00000, 0x00000007c0000000, 0x00000007c0000000)
  eden space 318976K, 100% used [0x00000007aab00000,0x00000007be280000,0x00000007be280000)
  from space 14336K, 64% used [0x00000007be280000,0x00000007beb87338,0x00000007bf080000)
  to   space 14336K, 0% used [0x00000007bf200000,0x00000007bf200000,0x00000007c0000000)
 ParOldGen       total 68608K, used 26630K [0x0000000780000000, 0x0000000784300000, 0x00000007aab00000)
  object space 68608K, 38% used [0x0000000780000000,0x0000000781a01b50,0x0000000784300000)
 Metaspace       used 36538K, capacity 47307K, committed 47616K, reserved 1083392K
  class space    used 9979K, capacity 13714K, committed 13824K, reserved 1048576K
Event: 10.119 GC heap after
Heap after GC invocations=16 (full 2):
 PSYoungGen      total 332800K, used 13265K [0x00000007aab00000, 0x00000007c0000000, 0x00000007c0000000)
  eden space 318464K, 0% used [0x00000007aab00000,0x00000007aab00000,0x00000007be200000)
  from space 14336K, 92% used [0x00000007bf200000,0x00000007bfef4510,0x00000007c0000000)
  to   space 15360K, 0% used [0x00000007be200000,0x00000007be200000,0x00000007bf100000)
 ParOldGen       total 68608K, used 26638K [0x0000000780000000, 0x0000000784300000, 0x00000007aab00000)
  object space 68608K, 38% used [0x0000000780000000,0x0000000781a03b50,0x0000000784300000)
 Metaspace       used 36538K, capacity 47307K, committed 47616K, reserved 1083392K
  class space    used 9979K, capacity 13714K, committed 13824K, reserved 1048576K
}
Event: 11.128 GC heap before
{Heap before GC invocations=17 (full 2):
 PSYoungGen      total 332800K, used 331729K [0x00000007aab00000, 0x00000007c0000000, 0x00000007c0000000)
  eden space 318464K, 100% used [0x00000007aab00000,0x00000007be200000,0x00000007be200000)
  from space 14336K, 92% used [0x00000007bf200000,0x00000007bfef4510,0x00000007c0000000)
  to   space 15360K, 0% used [0x00000007be200000,0x00000007be200000,0x00000007bf100000)
 ParOldGen       total 68608K, used 26638K [0x0000000780000000, 0x0000000784300000, 0x00000007aab00000)
  object space 68608K, 38% used [0x0000000780000000,0x0000000781a03b50,0x0000000784300000)
 Metaspace       used 39501K, capacity 51713K, committed 51840K, reserved 1085440K
  class space    used 10824K, capacity 14920K, committed 14976K, reserved 1048576K
Event: 11.153 GC heap after
Heap after GC invocations=17 (full 2):
 PSYoungGen      total 333824K, used 15328K [0x00000007aab00000, 0x00000007c0000000, 0x00000007c0000000)
  eden space 318464K, 0% used [0x00000007aab00000,0x00000007aab00000,0x00000007be200000)
  from space 15360K, 99% used [0x00000007be200000,0x00000007bf0f8010,0x00000007bf100000)
  to   space 15360K, 0% used [0x00000007bf100000,0x00000007bf100000,0x00000007c0000000)
 ParOldGen       total 68608K, used 27279K [0x0000000780000000, 0x0000000784300000, 0x00000007aab00000)
  object space 68608K, 39% used [0x0000000780000000,0x0000000781aa3d10,0x0000000784300000)
 Metaspace       used 39501K, capacity 51713K, committed 51840K, reserved 1085440K
  class space    used 10824K, capacity 14920K, committed 14976K, reserved 1048576K
}
Event: 12.236 GC heap before
{Heap before GC invocations=18 (full 2):
 PSYoungGen      total 333824K, used 333792K [0x00000007aab00000, 0x00000007c0000000, 0x00000007c0000000)
  eden space 318464K, 100% used [0x00000007aab00000,0x00000007be200000,0x00000007be200000)
  from space 15360K, 99% used [0x00000007be200000,0x00000007bf0f8010,0x00000007bf100000)
  to   space 15360K, 0% used [0x00000007bf100000,0x00000007bf100000,0x00000007c0000000)
 ParOldGen       total 68608K, used 27279K [0x0000000780000000, 0x0000000784300000, 0x00000007aab00000)
  object space 68608K, 39% used [0x0000000780000000,0x0000000781aa3d10,0x0000000784300000)
 Metaspace       used 42585K, capacity 57895K, committed 58112K, reserved 1091584K
  class space    used 11773K, capacity 16829K, committed 16896K, reserved 1048576K
Event: 12.264 GC heap after
Heap after GC invocations=18 (full 2):
 PSYoungGen      total 328704K, used 12264K [0x00000007aab00000, 0x00000007c0000000, 0x00000007c0000000)
  eden space 313344K, 0% used [0x00000007aab00000,0x00000007aab00000,0x00000007bdd00000)
  from space 15360K, 79% used [0x00000007bf100000,0x00000007bfcfa2f8,0x00000007c0000000)
  to   space 17920K, 0% used [0x00000007bdd00000,0x00000007bdd00000,0x00000007bee80000)
 ParOldGen       total 68608K, used 33890K [0x0000000780000000, 0x0000000784300000, 0x00000007aab00000)
  object space 68608K, 49% used [0x0000000780000000,0x00000007821189c8,0x0000000784300000)
 Metaspace       used 42585K, capacity 57895K, committed 58112K, reserved 1091584K
  class space    used 11773K, capacity 16829K, committed 16896K, reserved 1048576K
}
Event: 12.437 GC heap before
{Heap before GC invocations=19 (full 2):
 PSYoungGen      total 328704K, used 37454K [0x00000007aab00000, 0x00000007c0000000, 0x00000007c0000000)
  eden space 313344K, 8% used [0x00000007aab00000,0x00000007ac399890,0x00000007bdd00000)
  from space 15360K, 79% used [0x00000007bf100000,0x00000007bfcfa2f8,0x00000007c0000000)
  to   space 17920K, 0% used [0x00000007bdd00000,0x00000007bdd00000,0x00000007bee80000)
 ParOldGen       total 68608K, used 33890K [0x0000000780000000, 0x0000000784300000, 0x00000007aab00000)
  object space 68608K, 49% used [0x0000000780000000,0x00000007821189c8,0x0000000784300000)
 Metaspace       used 43433K, capacity 58997K, committed 59160K, reserved 1091584K
  class space    used 12022K, capacity 17175K, committed 17176K, reserved 1048576K
Event: 12.451 GC heap after
Heap after GC invocations=19 (full 2):
 PSYoungGen      total 326144K, used 12608K [0x00000007aab00000, 0x00000007c0000000, 0x00000007c0000000)
  eden space 313344K, 0% used [0x00000007aab00000,0x00000007aab00000,0x00000007bdd00000)
  from space 12800K, 98% used [0x00000007bdd00000,0x00000007be950000,0x00000007be980000)
  to   space 18432K, 0% used [0x00000007bee00000,0x00000007bee00000,0x00000007c0000000)
 ParOldGen       total 68608K, used 33898K [0x0000000780000000, 0x0000000784300000, 0x00000007aab00000)
  object space 68608K, 49% used [0x0000000780000000,0x000000078211a9c8,0x0000000784300000)
 Metaspace       used 43433K, capacity 58997K, committed 59160K, reserved 1091584K
  class space    used 12022K, capacity 17175K, committed 17176K, reserved 1048576K
}
Event: 12.451 GC heap before
{Heap before GC invocations=20 (full 3):
 PSYoungGen      total 326144K, used 12608K [0x00000007aab00000, 0x00000007c0000000, 0x00000007c0000000)
  eden space 313344K, 0% used [0x00000007aab00000,0x00000007aab00000,0x00000007bdd00000)
  from space 12800K, 98% used [0x00000007bdd00000,0x00000007be950000,0x00000007be980000)
  to   space 18432K, 0% used [0x00000007bee00000,0x00000007bee00000,0x00000007c0000000)
 ParOldGen       total 68608K, used 33898K [0x0000000780000000, 0x0000000784300000, 0x00000007aab00000)
  object space 68608K, 49% used [0x0000000780000000,0x000000078211a9c8,0x0000000784300000)
 Metaspace       used 43433K, capacity 58997K, committed 59160K, reserved 1091584K
  class space    used 12022K, capacity 17175K, committed 17176K, reserved 1048576K
Event: 12.882 GC heap after
Heap after GC invocations=20 (full 3):
 PSYoungGen      total 326144K, used 0K [0x00000007aab00000, 0x00000007c0000000, 0x00000007c0000000)
  eden space 313344K, 0% used [0x00000007aab00000,0x00000007aab00000,0x00000007bdd00000)
  from space 12800K, 0% used [0x00000007bdd00000,0x00000007bdd00000,0x00000007be980000)
  to   space 18432K, 0% used [0x00000007bee00000,0x00000007bee00000,0x00000007c0000000)
 ParOldGen       total 100864K, used 45480K [0x0000000780000000, 0x0000000786280000, 0x00000007aab00000)
  object space 100864K, 45% used [0x0000000780000000,0x0000000782c6a170,0x0000000786280000)
 Metaspace       used 43433K, capacity 58997K, committed 59160K, reserved 1091584K
  class space    used 12022K, capacity 17175K, committed 17176K, reserved 1048576K
}

Deoptimization events (0 events):
No events

Internal exceptions (10 events):
Event: 0.226 Thread 0x00007f9214803000 Exception <a 'java/security/PrivilegedActionException'> (0x00000007ab136cd8) thrown at [/HUDSON3/workspace/8-2-build-macosx-x86_64/jdk8u66/4988/hotspot/src/share/vm/prims/jvm.cpp, line 1386]
Event: 0.227 Thread 0x00007f9214803000 Exception <a 'java/security/PrivilegedActionException'> (0x00000007ab139f78) thrown at [/HUDSON3/workspace/8-2-build-macosx-x86_64/jdk8u66/4988/hotspot/src/share/vm/prims/jvm.cpp, line 1386]
Event: 0.227 Thread 0x00007f9214803000 Exception <a 'java/security/PrivilegedActionException'> (0x00000007ab13a188) thrown at [/HUDSON3/workspace/8-2-build-macosx-x86_64/jdk8u66/4988/hotspot/src/share/vm/prims/jvm.cpp, line 1386]
Event: 2.239 Thread 0x00007f9214a5d000 Exception <a 'java/io/FileNotFoundException'> (0x00000007abc273a8) thrown at [/HUDSON3/workspace/8-2-build-macosx-x86_64/jdk8u66/4988/hotspot/src/share/vm/prims/jni.cpp, line 709]
Event: 5.833 Thread 0x00007f9214397000 Exception <a 'java/lang/NoSuchFieldError': method resolution failed> (0x00000007abcfad50) thrown at [/HUDSON3/workspace/8-2-build-macosx-x86_64/jdk8u66/4988/hotspot/src/share/vm/prims/methodHandles.cpp, line 1146]
Event: 5.835 Thread 0x00007f9214397000 Exception <a 'java/lang/NoSuchFieldError': method resolution failed> (0x00000007abd09328) thrown at [/HUDSON3/workspace/8-2-build-macosx-x86_64/jdk8u66/4988/hotspot/src/share/vm/prims/methodHandles.cpp, line 1146]
Event: 6.026 Thread 0x00007f9214397000 Exception <a 'java/io/FileNotFoundException'> (0x00000007abd87b30) thrown at [/HUDSON3/workspace/8-2-build-macosx-x86_64/jdk8u66/4988/hotspot/src/share/vm/prims/jni.cpp, line 709]
Event: 6.027 Thread 0x00007f9214397000 Exception <a 'java/io/FileNotFoundException'> (0x00000007abd88e08) thrown at [/HUDSON3/workspace/8-2-build-macosx-x86_64/jdk8u66/4988/hotspot/src/share/vm/prims/jni.cpp, line 709]
Event: 6.726 Thread 0x00007f9214397000 Exception <a 'sun/nio/fs/UnixException'> (0x00000007b2261228) thrown at [/HUDSON3/workspace/8-2-build-macosx-x86_64/jdk8u66/4988/hotspot/src/share/vm/prims/jni.cpp, line 709]
Event: 7.291 Thread 0x00007f9214397000 Exception <a 'java/io/IOException'> (0x00000007accd5808) thrown at [/HUDSON3/workspace/8-2-build-macosx-x86_64/jdk8u66/4988/hotspot/src/share/vm/prims/jni.cpp, line 709]

Events (10 events):
Event: 14.743 loading class sun/reflect/UnsafeByteFieldAccessorImpl
Event: 14.744 loading class sun/reflect/UnsafeByteFieldAccessorImpl done
Event: 14.744 loading class com/sun/jna/Memory$SharedMemory
Event: 14.744 loading class com/sun/jna/Memory$SharedMemory done
Event: 14.747 loading class com/sun/jna/WeakIdentityHashMap
Event: 14.747 loading class com/sun/jna/WeakIdentityHashMap done
Event: 14.756 loading class com/sun/jna/Structure$2$StructureSet
Event: 14.756 loading class com/sun/jna/Structure$2$StructureSet done
Event: 14.758 loading class com/sun/jna/NativeString
Event: 14.758 loading class com/sun/jna/NativeString done


Dynamic libraries:
0x00000000139a8000 	/System/Library/Frameworks/Cocoa.framework/Versions/A/Cocoa
0x00000000139a8000 	/System/Library/Frameworks/Security.framework/Versions/A/Security
0x00000000139a8000 	/System/Library/Frameworks/ApplicationServices.framework/Versions/A/ApplicationServices
0x00000000139a8000 	/usr/lib/libz.1.dylib
0x00000000139a8000 	/usr/lib/libSystem.B.dylib
0x00000000139a8000 	/usr/lib/libobjc.A.dylib
0x00000000139a8000 	/System/Library/Frameworks/CoreFoundation.framework/Versions/A/CoreFoundation
0x00000000139a8000 	/System/Library/Frameworks/Foundation.framework/Versions/C/Foundation
0x00000000139a8000 	/System/Library/Frameworks/AppKit.framework/Versions/C/AppKit
0x00000000139a8000 	/System/Library/Frameworks/CoreData.framework/Versions/A/CoreData
0x00000000139a8000 	/System/Library/PrivateFrameworks/RemoteViewServices.framework/Versions/A/RemoteViewServices
0x00000000139a8000 	/System/Library/PrivateFrameworks/UIFoundation.framework/Versions/A/UIFoundation
0x00000000139a8000 	/System/Library/PrivateFrameworks/DFRFoundation.framework/Versions/A/DFRFoundation
0x00000000139a8000 	/usr/lib/libenergytrace.dylib
0x00000000139a8000 	/System/Library/PrivateFrameworks/SkyLight.framework/Versions/A/SkyLight
0x00000000139a8000 	/System/Library/Frameworks/CoreGraphics.framework/Versions/A/CoreGraphics
0x00000000139a8000 	/usr/lib/libScreenReader.dylib
0x00000000139a8000 	/System/Library/Frameworks/Accelerate.framework/Versions/A/Accelerate
0x00000000139a8000 	/System/Library/Frameworks/IOSurface.framework/Versions/A/IOSurface
0x00000000139a8000 	/System/Library/Frameworks/AudioToolbox.framework/Versions/A/AudioToolbox
0x00000000139a8000 	/System/Library/Frameworks/AudioUnit.framework/Versions/A/AudioUnit
0x00000000139a8000 	/System/Library/PrivateFrameworks/DataDetectorsCore.framework/Versions/A/DataDetectorsCore
0x00000000139a8000 	/System/Library/PrivateFrameworks/DesktopServicesPriv.framework/Versions/A/DesktopServicesPriv
0x00000000139a8000 	/System/Library/Frameworks/Carbon.framework/Versions/A/Frameworks/HIToolbox.framework/Versions/A/HIToolbox
0x00000000139a8000 	/usr/lib/libicucore.A.dylib
0x00000000139a8000 	/System/Library/Frameworks/QuartzCore.framework/Versions/A/QuartzCore
0x00000000139a8000 	/System/Library/Frameworks/Carbon.framework/Versions/A/Frameworks/SpeechRecognition.framework/Versions/A/SpeechRecognition
0x00000000139a8000 	/usr/lib/libauto.dylib
0x00000000139a8000 	/usr/lib/libxml2.2.dylib
0x00000000139a8000 	/System/Library/PrivateFrameworks/CoreUI.framework/Versions/A/CoreUI
0x00000000139a8000 	/System/Library/Frameworks/CoreAudio.framework/Versions/A/CoreAudio
0x00000000139a8000 	/System/Library/Frameworks/DiskArbitration.framework/Versions/A/DiskArbitration
0x00000000139a8000 	/usr/lib/liblangid.dylib
0x00000000139a8000 	/System/Library/PrivateFrameworks/MultitouchSupport.framework/Versions/A/MultitouchSupport
0x00000000139a8000 	/System/Library/Frameworks/IOKit.framework/Versions/A/IOKit
0x00000000139a8000 	/usr/lib/libDiagnosticMessagesClient.dylib
0x00000000139a8000 	/System/Library/Frameworks/CoreServices.framework/Versions/A/CoreServices
0x00000000139a8000 	/System/Library/PrivateFrameworks/PerformanceAnalysis.framework/Versions/A/PerformanceAnalysis
0x00000000139a8000 	/System/Library/PrivateFrameworks/GenerationalStorage.framework/Versions/A/GenerationalStorage
0x00000000139a8000 	/System/Library/Frameworks/OpenGL.framework/Versions/A/OpenGL
0x00000000139a8000 	/System/Library/Frameworks/CoreImage.framework/Versions/A/CoreImage
0x00000000139a8000 	/System/Library/Frameworks/CoreText.framework/Versions/A/CoreText
0x00000000139a8000 	/System/Library/Frameworks/ImageIO.framework/Versions/A/ImageIO
0x00000000139a8000 	/System/Library/PrivateFrameworks/Backup.framework/Versions/A/Backup
0x00000000139a8000 	/usr/lib/libarchive.2.dylib
0x00000000139a8000 	/System/Library/Frameworks/CFNetwork.framework/Versions/A/CFNetwork
0x00000000139a8000 	/System/Library/Frameworks/SystemConfiguration.framework/Versions/A/SystemConfiguration
0x00000000139a8000 	/usr/lib/libCRFSuite.dylib
0x00000000139a8000 	/usr/lib/libc++.1.dylib
0x00000000139a8000 	/usr/lib/libc++abi.dylib
0x00000000139a8000 	/usr/lib/system/libcache.dylib
0x00000000139a8000 	/usr/lib/system/libcommonCrypto.dylib
0x00000000139a8000 	/usr/lib/system/libcompiler_rt.dylib
0x00000000139a8000 	/usr/lib/system/libcopyfile.dylib
0x00000000139a8000 	/usr/lib/system/libcorecrypto.dylib
0x00000000139a8000 	/usr/lib/system/libdispatch.dylib
0x00000000139a8000 	/usr/lib/system/libdyld.dylib
0x00000000139a8000 	/usr/lib/system/libkeymgr.dylib
0x00000000139a8000 	/usr/lib/system/liblaunch.dylib
0x00000000139a8000 	/usr/lib/system/libmacho.dylib
0x00000000139a8000 	/usr/lib/system/libquarantine.dylib
0x00000000139a8000 	/usr/lib/system/libremovefile.dylib
0x00000000139a8000 	/usr/lib/system/libsystem_asl.dylib
0x00000000139a8000 	/usr/lib/system/libsystem_blocks.dylib
0x00000000139a8000 	/usr/lib/system/libsystem_c.dylib
0x00000000139a8000 	/usr/lib/system/libsystem_configuration.dylib
0x00000000139a8000 	/usr/lib/system/libsystem_coreservices.dylib
0x00000000139a8000 	/usr/lib/system/libsystem_coretls.dylib
0x00000000139a8000 	/usr/lib/system/libsystem_dnssd.dylib
0x00000000139a8000 	/usr/lib/system/libsystem_info.dylib
0x00000000139a8000 	/usr/lib/system/libsystem_kernel.dylib
0x00000000139a8000 	/usr/lib/system/libsystem_m.dylib
0x00000000139a8000 	/usr/lib/system/libsystem_malloc.dylib
0x00000000139a8000 	/usr/lib/system/libsystem_network.dylib
0x00000000139a8000 	/usr/lib/system/libsystem_networkextension.dylib
0x00000000139a8000 	/usr/lib/system/libsystem_notify.dylib
0x00000000139a8000 	/usr/lib/system/libsystem_platform.dylib
0x00000000139a8000 	/usr/lib/system/libsystem_pthread.dylib
0x00000000139a8000 	/usr/lib/system/libsystem_sandbox.dylib
0x00000000139a8000 	/usr/lib/system/libsystem_secinit.dylib
0x00000000139a8000 	/usr/lib/system/libsystem_symptoms.dylib
0x00000000139a8000 	/usr/lib/system/libsystem_trace.dylib
0x00000000139a8000 	/usr/lib/system/libunwind.dylib
0x00000000139a8000 	/usr/lib/system/libxpc.dylib
0x00000000139a8000 	/usr/lib/libbsm.0.dylib
0x00000000139a8000 	/usr/lib/system/libkxld.dylib
0x00000000139a8000 	/usr/lib/libcoretls.dylib
0x00000000139a8000 	/usr/lib/libcoretls_cfhelpers.dylib
0x00000000139a8000 	/usr/lib/libOpenScriptingUtil.dylib
0x00000000139a8000 	/usr/lib/libpam.2.dylib
0x00000000139a8000 	/usr/lib/libsqlite3.dylib
0x00000000139a8000 	/usr/lib/libxar.1.dylib
0x00000000139a8000 	/usr/lib/libbz2.1.0.dylib
0x00000000139a8000 	/usr/lib/liblzma.5.dylib
0x00000000139a8000 	/usr/lib/libnetwork.dylib
0x00000000139a8000 	/usr/lib/libpcap.A.dylib
0x00000000139a8000 	/System/Library/Frameworks/CoreServices.framework/Versions/A/Frameworks/FSEvents.framework/Versions/A/FSEvents
0x00000000139a8000 	/System/Library/Frameworks/CoreServices.framework/Versions/A/Frameworks/CarbonCore.framework/Versions/A/CarbonCore
0x00000000139a8000 	/System/Library/Frameworks/CoreServices.framework/Versions/A/Frameworks/Metadata.framework/Versions/A/Metadata
0x00000000139a8000 	/System/Library/Frameworks/CoreServices.framework/Versions/A/Frameworks/OSServices.framework/Versions/A/OSServices
0x00000000139a8000 	/System/Library/Frameworks/CoreServices.framework/Versions/A/Frameworks/SearchKit.framework/Versions/A/SearchKit
0x00000000139a8000 	/System/Library/Frameworks/CoreServices.framework/Versions/A/Frameworks/AE.framework/Versions/A/AE
0x00000000139a8000 	/System/Library/Frameworks/CoreServices.framework/Versions/A/Frameworks/LaunchServices.framework/Versions/A/LaunchServices
0x00000000139a8000 	/System/Library/Frameworks/CoreServices.framework/Versions/A/Frameworks/DictionaryServices.framework/Versions/A/DictionaryServices
0x00000000139a8000 	/System/Library/Frameworks/CoreServices.framework/Versions/A/Frameworks/SharedFileList.framework/Versions/A/SharedFileList
0x00000000139a8000 	/System/Library/Frameworks/NetFS.framework/Versions/A/NetFS
0x00000000139a8000 	/System/Library/PrivateFrameworks/NetAuth.framework/Versions/A/NetAuth
0x00000000139a8000 	/System/Library/PrivateFrameworks/login.framework/Versions/A/Frameworks/loginsupport.framework/Versions/A/loginsupport
0x00000000139a8000 	/System/Library/PrivateFrameworks/TCC.framework/Versions/A/TCC
0x00000000139a8000 	/usr/lib/libmecabra.dylib
0x00000000139a8000 	/System/Library/Frameworks/ApplicationServices.framework/Versions/A/Frameworks/ATS.framework/Versions/A/ATS
0x00000000139a8000 	/System/Library/Frameworks/ApplicationServices.framework/Versions/A/Frameworks/ColorSync.framework/Versions/A/ColorSync
0x00000000139a8000 	/System/Library/Frameworks/ApplicationServices.framework/Versions/A/Frameworks/HIServices.framework/Versions/A/HIServices
0x00000000139a8000 	/System/Library/Frameworks/ApplicationServices.framework/Versions/A/Frameworks/LangAnalysis.framework/Versions/A/LangAnalysis
0x00000000139a8000 	/System/Library/Frameworks/ApplicationServices.framework/Versions/A/Frameworks/PrintCore.framework/Versions/A/PrintCore
0x00000000139a8000 	/System/Library/Frameworks/ApplicationServices.framework/Versions/A/Frameworks/QD.framework/Versions/A/QD
0x00000000139a8000 	/System/Library/Frameworks/ApplicationServices.framework/Versions/A/Frameworks/SpeechSynthesis.framework/Versions/A/SpeechSynthesis
0x00000000139a8000 	/System/Library/Frameworks/Accelerate.framework/Versions/A/Frameworks/vImage.framework/Versions/A/vImage
0x00000000139a8000 	/System/Library/Frameworks/Accelerate.framework/Versions/A/Frameworks/vecLib.framework/Versions/A/vecLib
0x00000000139a8000 	/System/Library/Frameworks/Accelerate.framework/Versions/A/Frameworks/vecLib.framework/Versions/A/libvDSP.dylib
0x00000000139a8000 	/System/Library/Frameworks/Accelerate.framework/Versions/A/Frameworks/vecLib.framework/Versions/A/libBNNS.dylib
0x00000000139a8000 	/System/Library/Frameworks/Accelerate.framework/Versions/A/Frameworks/vecLib.framework/Versions/A/libQuadrature.dylib
0x00000000139a8000 	/System/Library/Frameworks/Accelerate.framework/Versions/A/Frameworks/vecLib.framework/Versions/A/libvMisc.dylib
0x00000000139a8000 	/System/Library/Frameworks/Accelerate.framework/Versions/A/Frameworks/vecLib.framework/Versions/A/libLAPACK.dylib
0x00000000139a8000 	/System/Library/Frameworks/Accelerate.framework/Versions/A/Frameworks/vecLib.framework/Versions/A/libBLAS.dylib
0x00000000139a8000 	/System/Library/Frameworks/Accelerate.framework/Versions/A/Frameworks/vecLib.framework/Versions/A/libLinearAlgebra.dylib
0x00000000139a8000 	/System/Library/Frameworks/Accelerate.framework/Versions/A/Frameworks/vecLib.framework/Versions/A/libSparseBLAS.dylib
0x00000000139a8000 	/System/Library/Frameworks/ApplicationServices.framework/Versions/A/Frameworks/ATS.framework/Versions/A/Resources/libFontParser.dylib
0x00000000139a8000 	/System/Library/Frameworks/ApplicationServices.framework/Versions/A/Frameworks/ATS.framework/Versions/A/Resources/libFontRegistry.dylib
0x00000000139a8000 	/System/Library/Frameworks/ImageIO.framework/Versions/A/Resources/libJPEG.dylib
0x00000000139a8000 	/System/Library/Frameworks/ImageIO.framework/Versions/A/Resources/libTIFF.dylib
0x00000000139a8000 	/System/Library/Frameworks/ImageIO.framework/Versions/A/Resources/libPng.dylib
0x00000000139a8000 	/System/Library/Frameworks/ImageIO.framework/Versions/A/Resources/libGIF.dylib
0x00000000139a8000 	/System/Library/Frameworks/ImageIO.framework/Versions/A/Resources/libJP2.dylib
0x00000000139a8000 	/System/Library/Frameworks/ImageIO.framework/Versions/A/Resources/libRadiance.dylib
0x00000000139a8000 	/usr/lib/libcompression.dylib
0x00000000139a8000 	/System/Library/PrivateFrameworks/AppleJPEG.framework/Versions/A/AppleJPEG
0x00000000139a8000 	/usr/lib/libcups.2.dylib
0x00000000139a8000 	/System/Library/Frameworks/Kerberos.framework/Versions/A/Kerberos
0x00000000139a8000 	/System/Library/Frameworks/GSS.framework/Versions/A/GSS
0x00000000139a8000 	/usr/lib/libresolv.9.dylib
0x00000000139a8000 	/usr/lib/libiconv.2.dylib
0x00000000139a8000 	/System/Library/PrivateFrameworks/Heimdal.framework/Versions/A/Heimdal
0x00000000139a8000 	/usr/lib/libheimdal-asn1.dylib
0x00000000139a8000 	/System/Library/Frameworks/OpenDirectory.framework/Versions/A/OpenDirectory
0x00000000139a8000 	/System/Library/PrivateFrameworks/CommonAuth.framework/Versions/A/CommonAuth
0x00000000139a8000 	/System/Library/Frameworks/OpenDirectory.framework/Versions/A/Frameworks/CFOpenDirectory.framework/Versions/A/CFOpenDirectory
0x00000000139a8000 	/System/Library/Frameworks/SecurityFoundation.framework/Versions/A/SecurityFoundation
0x00000000139a8000 	/System/Library/PrivateFrameworks/LanguageModeling.framework/Versions/A/LanguageModeling
0x00000000139a8000 	/usr/lib/libmarisa.dylib
0x00000000139a8000 	/usr/lib/libChineseTokenizer.dylib
0x00000000139a8000 	/usr/lib/libcmph.dylib
0x00000000139a8000 	/System/Library/PrivateFrameworks/CoreEmoji.framework/Versions/A/CoreEmoji
0x00000000139a8000 	/System/Library/Frameworks/ServiceManagement.framework/Versions/A/ServiceManagement
0x00000000139a8000 	/usr/lib/libxslt.1.dylib
0x00000000139a8000 	/System/Library/Frameworks/Carbon.framework/Versions/A/Frameworks/Ink.framework/Versions/A/Ink
0x00000000139a8000 	/System/Library/PrivateFrameworks/TextureIO.framework/Versions/A/TextureIO
0x00000000139a8000 	/System/Library/Frameworks/Metal.framework/Versions/A/Metal
0x00000000139a8000 	/usr/lib/libate.dylib
0x00000000139a8000 	/System/Library/PrivateFrameworks/GPUCompiler.framework/libmetal_timestamp.dylib
0x00000000139a8000 	/System/Library/Frameworks/OpenGL.framework/Versions/A/Libraries/libCoreFSCache.dylib
0x00000000139a8000 	/System/Library/PrivateFrameworks/IOAccelerator.framework/Versions/A/IOAccelerator
0x00000000139a8000 	/System/Library/Frameworks/CoreVideo.framework/Versions/A/CoreVideo
0x00000000139a8000 	/usr/lib/libFosl_dynamic.dylib
0x00000000139a8000 	/System/Library/PrivateFrameworks/MetalPerformanceShaders.framework/Versions/A/MetalPerformanceShaders
0x00000000139a8000 	/System/Library/PrivateFrameworks/FaceCore.framework/Versions/A/FaceCore
0x00000000139a8000 	/System/Library/Frameworks/OpenCL.framework/Versions/A/OpenCL
0x00000000139a8000 	/System/Library/Frameworks/OpenGL.framework/Versions/A/Libraries/libGLU.dylib
0x00000000139a8000 	/System/Library/Frameworks/OpenGL.framework/Versions/A/Libraries/libGFXShared.dylib
0x00000000139a8000 	/System/Library/Frameworks/OpenGL.framework/Versions/A/Libraries/libGL.dylib
0x00000000139a8000 	/System/Library/Frameworks/OpenGL.framework/Versions/A/Libraries/libGLImage.dylib
0x00000000139a8000 	/System/Library/Frameworks/OpenGL.framework/Versions/A/Libraries/libCVMSPluginSupport.dylib
0x00000000139a8000 	/System/Library/Frameworks/OpenGL.framework/Versions/A/Libraries/libCoreVMClient.dylib
0x00000000139a8000 	/System/Library/PrivateFrameworks/CrashReporterSupport.framework/Versions/A/CrashReporterSupport
0x00000000139a8000 	/System/Library/PrivateFrameworks/Sharing.framework/Versions/A/Sharing
0x00000000139a8000 	/System/Library/PrivateFrameworks/IconServices.framework/Versions/A/IconServices
0x00000000139a8000 	/System/Library/PrivateFrameworks/ProtocolBuffer.framework/Versions/A/ProtocolBuffer
0x00000000139a8000 	/System/Library/PrivateFrameworks/Apple80211.framework/Versions/A/Apple80211
0x00000000139a8000 	/System/Library/Frameworks/CoreWLAN.framework/Versions/A/CoreWLAN
0x00000000139a8000 	/System/Library/PrivateFrameworks/CoreUtils.framework/Versions/A/CoreUtils
0x00000000139a8000 	/System/Library/Frameworks/IOBluetooth.framework/Versions/A/IOBluetooth
0x00000000139a8000 	/System/Library/PrivateFrameworks/CoreWiFi.framework/Versions/A/CoreWiFi
0x00000000139a8000 	/System/Library/Frameworks/CoreBluetooth.framework/Versions/A/CoreBluetooth
0x00000000139a8000 	/System/Library/Frameworks/CoreDisplay.framework/Versions/A/CoreDisplay
0x00000000139a8000 	/System/Library/PrivateFrameworks/IOPresentment.framework/Versions/A/IOPresentment
0x00000000139a8000 	/System/Library/PrivateFrameworks/DSExternalDisplay.framework/Versions/A/DSExternalDisplay
0x00000000139a8000 	/System/Library/PrivateFrameworks/DebugSymbols.framework/Versions/A/DebugSymbols
0x00000000139a8000 	/System/Library/PrivateFrameworks/CoreSymbolication.framework/Versions/A/CoreSymbolication
0x00000000139a8000 	/System/Library/PrivateFrameworks/Symbolication.framework/Versions/A/Symbolication
0x00000000139a8000 	/System/Library/PrivateFrameworks/AppleFSCompression.framework/Versions/A/AppleFSCompression
0x00000000139a8000 	/System/Library/PrivateFrameworks/SpeechRecognitionCore.framework/Versions/A/SpeechRecognitionCore
0x00000000139a8000 	/System/Library/PrivateFrameworks/ChunkingLibrary.framework/Versions/A/ChunkingLibrary
0x0000000103a00000 	/Library/Java/JavaVirtualMachines/jdk1.8.0_66.jdk/Contents/Home/jre/lib/server/libjvm.dylib
0x00000000139a8000 	/usr/lib/libstdc++.6.dylib
0x00000001030cc000 	/Library/Java/JavaVirtualMachines/jdk1.8.0_66.jdk/Contents/Home/jre/lib/libverify.dylib
0x00000001030da000 	/Library/Java/JavaVirtualMachines/jdk1.8.0_66.jdk/Contents/Home/jre/lib/libjava.dylib
0x0000000103119000 	/Library/Java/JavaVirtualMachines/jdk1.8.0_66.jdk/Contents/Home/jre/lib/libzip.dylib
0x0000000108ca8000 	/System/Library/Frameworks/JavaVM.framework/Frameworks/JavaRuntimeSupport.framework/JavaRuntimeSupport
0x0000000108cc2000 	/System/Library/Frameworks/JavaVM.framework/Versions/A/Frameworks/JavaNativeFoundation.framework/Versions/A/JavaNativeFoundation
0x0000000108cd7000 	/System/Library/Frameworks/JavaVM.framework/Versions/A/JavaVM
0x00000000139a8000 	/System/Library/Frameworks/Carbon.framework/Versions/A/Carbon
0x0000000108ce4000 	/System/Library/PrivateFrameworks/JavaLaunching.framework/Versions/A/JavaLaunching
0x00000000139a8000 	/System/Library/Frameworks/Carbon.framework/Versions/A/Frameworks/CommonPanels.framework/Versions/A/CommonPanels
0x00000000139a8000 	/System/Library/Frameworks/Carbon.framework/Versions/A/Frameworks/Help.framework/Versions/A/Help
0x00000000139a8000 	/System/Library/Frameworks/Carbon.framework/Versions/A/Frameworks/ImageCapture.framework/Versions/A/ImageCapture
0x00000000139a8000 	/System/Library/Frameworks/Carbon.framework/Versions/A/Frameworks/OpenScripting.framework/Versions/A/OpenScripting
0x00000000139a8000 	/System/Library/Frameworks/Carbon.framework/Versions/A/Frameworks/Print.framework/Versions/A/Print
0x00000000139a8000 	/System/Library/Frameworks/Carbon.framework/Versions/A/Frameworks/SecurityHI.framework/Versions/A/SecurityHI
0x000000010a9da000 	/Library/Java/JavaVirtualMachines/jdk1.8.0_66.jdk/Contents/Home/jre/lib/libnet.dylib
0x000000010b413000 	/Library/Java/JavaVirtualMachines/jdk1.8.0_66.jdk/Contents/Home/jre/lib/libawt.dylib
0x000000010b6cb000 	/Library/Java/JavaVirtualMachines/jdk1.8.0_66.jdk/Contents/Home/jre/lib/./libmlib_image.dylib
0x000000010b797000 	/Library/Java/JavaVirtualMachines/jdk1.8.0_66.jdk/Contents/Home/jre/lib/libawt_lwawt.dylib
0x000000010b84c000 	/Library/Java/JavaVirtualMachines/jdk1.8.0_66.jdk/Contents/Home/jre/lib/./libosxapp.dylib
0x00000000139a8000 	/System/Library/Frameworks/ExceptionHandling.framework/Versions/A/ExceptionHandling
0x00000000139a8000 	/System/Library/PrivateFrameworks/CoreServicesInternal.framework/Versions/A/CoreServicesInternal
0x00000000139a8000 	/System/Library/CoreServices/RawCamera.bundle/Contents/MacOS/RawCamera
0x00000000139a8000 	/System/Library/Frameworks/Accelerate.framework/Versions/A/Frameworks/vImage.framework/Versions/A/Libraries/libCGInterfaces.dylib
0x00000000139a8000 	/System/Library/Frameworks/ApplicationServices.framework/Versions/A/Frameworks/ATS.framework/Versions/A/Resources/libTrueTypeScaler.dylib
0x000000010d508000 	/System/Library/Frameworks/OpenGL.framework/Resources/GLEngine.bundle/GLEngine
0x00000000139a8000 	/System/Library/Frameworks/OpenGL.framework/Versions/A/Libraries/libGLProgrammability.dylib
0x000000010d6ed000 	/System/Library/Extensions/AppleIntelBDWGraphicsGLDriver.bundle/Contents/MacOS/AppleIntelBDWGraphicsGLDriver
0x00000000139a8000 	/System/Library/PrivateFrameworks/GPUSupport.framework/Versions/A/Libraries/libGPUSupportMercury.dylib
0x000000010de57000 	/System/Library/Frameworks/OpenGL.framework/Resources//GLRendererFloat.bundle/GLRendererFloat
0x00000000139a8000 	/System/Library/Frameworks/OpenCL.framework/Versions/A/Libraries/libcldcpuengine.dylib
0x00000000139a8000 	/usr/lib/libcrypto.0.9.8.dylib
0x00000000139a8000 	/System/Library/PrivateFrameworks/TrustEvaluationAgent.framework/Versions/A/TrustEvaluationAgent
0x000000010de8b000 	/System/Library/Extensions/AppleIntelBDWGraphicsMTLDriver.bundle/Contents/MacOS/AppleIntelBDWGraphicsMTLDriver
0x00000000139a8000 	/System/Library/PrivateFrameworks/FamilyControls.framework/Versions/A/FamilyControls
0x00000000139a8000 	/System/Library/PrivateFrameworks/CommerceKit.framework/Versions/A/Frameworks/CommerceCore.framework/Versions/A/CommerceCore
0x00000000139a8000 	/System/Library/PrivateFrameworks/SystemAdministration.framework/Versions/A/SystemAdministration
0x00000000139a8000 	/System/Library/PrivateFrameworks/AppContainer.framework/Versions/A/AppContainer
0x00000000139a8000 	/System/Library/PrivateFrameworks/SecCodeWrapper.framework/Versions/A/SecCodeWrapper
0x00000000139a8000 	/System/Library/Frameworks/DirectoryService.framework/Versions/A/DirectoryService
0x00000000139a8000 	/System/Library/PrivateFrameworks/DiskImages.framework/Versions/A/DiskImages
0x00000000139a8000 	/System/Library/PrivateFrameworks/LoginUIKit.framework/Versions/A/Frameworks/LoginUICore.framework/Versions/A/LoginUICore
0x00000000139a8000 	/usr/lib/libCoreStorage.dylib
0x00000000139a8000 	/usr/lib/libcsfde.dylib
0x00000000139a8000 	/usr/lib/libodfde.dylib
0x00000000139a8000 	/System/Library/Frameworks/DiscRecording.framework/Versions/A/DiscRecording
0x00000000139a8000 	/usr/lib/libcurl.4.dylib
0x00000000139a8000 	/System/Library/PrivateFrameworks/MediaKit.framework/Versions/A/MediaKit
0x00000000139a8000 	/System/Library/PrivateFrameworks/ProtectedCloudStorage.framework/Versions/A/ProtectedCloudStorage
0x00000000139a8000 	/System/Library/PrivateFrameworks/EFILogin.framework/Versions/A/EFILogin
0x00000000139a8000 	/usr/lib/libutil.dylib
0x00000000139a8000 	/System/Library/Frameworks/LDAP.framework/Versions/A/LDAP
0x00000000139a8000 	/usr/lib/libsasl2.2.dylib
0x00000000139a8000 	/System/Library/PrivateFrameworks/CoreDaemon.framework/Versions/B/CoreDaemon
0x00000000139a8000 	/System/Library/PrivateFrameworks/AppleSRP.framework/Versions/A/AppleSRP
0x00000000139a8000 	/System/Library/PrivateFrameworks/APFS.framework/Versions/A/APFS
0x000000010f4e0000 	/Library/Java/JavaVirtualMachines/jdk1.8.0_66.jdk/Contents/Home/jre/lib/libfontmanager.dylib
0x00000000139a8000 	/System/Library/PrivateFrameworks/ViewBridge.framework/Versions/A/ViewBridge
0x00000000139a8000 	/System/Library/PrivateFrameworks/XPCService.framework/Versions/A/XPCService
0x00000000139a8000 	/System/Library/PrivateFrameworks/AppSandbox.framework/Versions/A/AppSandbox
0x00000000139a8000 	/usr/lib/libsandbox.1.dylib
0x00000000139a8000 	/usr/lib/libMatch.1.dylib
0x00000001101fb000 	/Library/Java/JavaVirtualMachines/jdk1.8.0_66.jdk/Contents/Home/jre/lib/libnio.dylib
0x000000011040b000 	/private/var/folders/sq/36lkdsmj5nlf088bmfq_cmvr0000gn/T/jna-119831599/jna8676342620148745794.tmp
0x000000011049f000 	/Users/ayalgelles/insane-noises/target/native/macosx/x86_64/libscsynth.dylib
0x000000010a854000 	/Library/Java/JavaVirtualMachines/jdk1.8.0_66.jdk/Contents/Home/jre/lib/libjsound.dylib
0x0000000111462000 	/System/Library/Frameworks/CoreMIDI.framework/Versions/A/CoreMIDI
0x00000001114c8000 	/usr/lib/libexpat.1.dylib
0x000000010a867000 	/System/Library/Extensions/AppleHDA.kext/Contents/PlugIns/AppleHDAHALPlugIn.bundle/Contents/MacOS/AppleHDAHALPlugIn
0x00000001116ef000 	/Library/Java/JavaVirtualMachines/jdk1.8.0_66.jdk/Contents/Home/jre/lib/libmanagement.dylib
0x00000001116fd000 	/Users/ayalgelles/insane-noises/target/native/macosx/x86_64/AmbisonicUGens.scx
0x0000000111703000 	/Users/ayalgelles/insane-noises/target/native/macosx/x86_64/AtkUGens.scx
0x000000011171c000 	/Users/ayalgelles/insane-noises/target/native/macosx/x86_64/AY_UGen.scx
0x0000000111723000 	/Users/ayalgelles/insane-noises/target/native/macosx/x86_64/BatPVUgens.scx
0x000000011172b000 	/Users/ayalgelles/insane-noises/target/native/macosx/x86_64/BatUGens.scx
0x0000000111730000 	/Users/ayalgelles/insane-noises/target/native/macosx/x86_64/BBCut2UGens.scx
0x0000000111738000 	/Users/ayalgelles/insane-noises/target/native/macosx/x86_64/BerlachUGens.scx
0x0000000111749000 	/Users/ayalgelles/insane-noises/target/native/macosx/x86_64/BetablockerUGens.scx
0x0000000111751000 	/Users/ayalgelles/insane-noises/target/native/macosx/x86_64/BhobChaos.scx
0x000000011175c000 	/Users/ayalgelles/insane-noises/target/native/macosx/x86_64/BhobFFT.scx
0x000000011176f000 	/Users/ayalgelles/insane-noises/target/native/macosx/x86_64/BhobFilt.scx
0x0000000111781000 	/Users/ayalgelles/insane-noises/target/native/macosx/x86_64/BhobGrain.scx
0x0000000111788000 	/Users/ayalgelles/insane-noises/target/native/macosx/x86_64/BhobNoise.scx
0x0000000111791000 	/Users/ayalgelles/insane-noises/target/native/macosx/x86_64/BinaryOpUGens.scx
0x00000001117ba000 	/Users/ayalgelles/insane-noises/target/native/macosx/x86_64/BlackrainUGens.scx
0x00000001117bf000 	/Users/ayalgelles/insane-noises/target/native/macosx/x86_64/ChaosUGens.scx
0x00000001117c8000 	/Users/ayalgelles/insane-noises/target/native/macosx/x86_64/Concat.scx
0x00000001117cf000 	/Users/ayalgelles/insane-noises/target/native/macosx/x86_64/DelayUGens.scx
0x00000001117fa000 	/Users/ayalgelles/insane-noises/target/native/macosx/x86_64/DemandUGens.scx
0x0000000111805000 	/Users/ayalgelles/insane-noises/target/native/macosx/x86_64/DiskIO_UGens.scx
0x000000011187b000 	/Users/ayalgelles/insane-noises/target/native/macosx/x86_64/DistortionUGens.scx
0x000000011187f000 	/Users/ayalgelles/insane-noises/target/native/macosx/x86_64/DynNoiseUGens.scx
0x0000000111884000 	/Users/ayalgelles/insane-noises/target/native/macosx/x86_64/FFT_UGens.scx
0x00000001118a4000 	/Users/ayalgelles/insane-noises/target/native/macosx/x86_64/FilterUGens.scx
0x00000001118c0000 	/Users/ayalgelles/insane-noises/target/native/macosx/x86_64/GendynUGens.scx
0x00000001118c5000 	/Users/ayalgelles/insane-noises/target/native/macosx/x86_64/GlitchUGens.scx
0x00000001118ca000 	/Users/ayalgelles/insane-noises/target/native/macosx/x86_64/GrainUGens.scx
0x00000001118dd000 	/Users/ayalgelles/insane-noises/target/native/macosx/x86_64/IOUGens.scx
0x00000001118e5000 	/Users/ayalgelles/insane-noises/target/native/macosx/x86_64/JoshAmbiUGens.scx
0x00000001118f2000 	/Users/ayalgelles/insane-noises/target/native/macosx/x86_64/JoshGrainUGens.scx
0x000000011191d000 	/Users/ayalgelles/insane-noises/target/native/macosx/x86_64/JoshPVUGens.scx
0x000000011193a000 	/Users/ayalgelles/insane-noises/target/native/macosx/x86_64/JoshUGens.scx
0x0000000111954000 	/Users/ayalgelles/insane-noises/target/native/macosx/x86_64/KeyboardUGens.scx
0x0000000111959000 	/Users/ayalgelles/insane-noises/target/native/macosx/x86_64/LadspaUGen.scx
0x000000011195d000 	/Users/ayalgelles/insane-noises/target/native/macosx/x86_64/LFUGens.scx
0x0000000111970000 	/Users/ayalgelles/insane-noises/target/native/macosx/x86_64/LoopBuf.scx
0x0000000111975000 	/Users/ayalgelles/insane-noises/target/native/macosx/x86_64/MCLDBufferUGens.scx
0x000000011197a000 	/Users/ayalgelles/insane-noises/target/native/macosx/x86_64/MCLDCepstrumUGens.scx
0x000000011198a000 	/Users/ayalgelles/insane-noises/target/native/macosx/x86_64/MCLDChaosUGens.scx
0x0000000111990000 	/Users/ayalgelles/insane-noises/target/native/macosx/x86_64/MCLDDistortionUGens.scx
0x0000000111994000 	/Users/ayalgelles/insane-noises/target/native/macosx/x86_64/MCLDFFTUGens.scx
0x00000001119a9000 	/Users/ayalgelles/insane-noises/target/native/macosx/x86_64/MCLDFilterUGens.scx
0x00000001119ad000 	/Users/ayalgelles/insane-noises/target/native/macosx/x86_64/MCLDGetenvUGen.scx
0x00000001119b1000 	/Users/ayalgelles/insane-noises/target/native/macosx/x86_64/MCLDOscUGens.scx
0x00000001119b5000 	/Users/ayalgelles/insane-noises/target/native/macosx/x86_64/MCLDPollUGens.scx
0x00000001119b9000 	/Users/ayalgelles/insane-noises/target/native/macosx/x86_64/MCLDSOMUGens.scx
0x00000001119bf000 	/Users/ayalgelles/insane-noises/target/native/macosx/x86_64/MCLDTreeUGens.scx
0x00000001119c4000 	/Users/ayalgelles/insane-noises/target/native/macosx/x86_64/MCLDTriggeredStatsUgens.scx
0x00000001119c8000 	/Users/ayalgelles/insane-noises/target/native/macosx/x86_64/MdaUGens.scx
0x0000000111aea000 	/Users/ayalgelles/insane-noises/target/native/macosx/x86_64/MembraneUGens.scx
0x0000000111aef000 	/Users/ayalgelles/insane-noises/target/native/macosx/x86_64/ML_UGens.scx
0x0000000111b22000 	/Users/ayalgelles/insane-noises/target/native/macosx/x86_64/MouseUGens.scx
0x0000000111b28000 	/Users/ayalgelles/insane-noises/target/native/macosx/x86_64/MulAddUGens.scx
0x0000000111b2f000 	/Users/ayalgelles/insane-noises/target/native/macosx/x86_64/NCAnalysisUGens.scx
0x0000000111b4e000 	/Users/ayalgelles/insane-noises/target/native/macosx/x86_64/NoiseUGens.scx
0x0000000111b55000 	/Users/ayalgelles/insane-noises/target/native/macosx/x86_64/OscUGens.scx
0x0000000111b65000 	/Users/ayalgelles/insane-noises/target/native/macosx/x86_64/PanUGens.scx
0x0000000111b6e000 	/Users/ayalgelles/insane-noises/target/native/macosx/x86_64/PhysicalModelingUGens.scx
0x0000000111b72000 	/Users/ayalgelles/insane-noises/target/native/macosx/x86_64/PitchDetection.scx
0x0000000111b79000 	/Users/ayalgelles/insane-noises/target/native/macosx/x86_64/PV_ThirdParty.scx
0x0000000111b8d000 	/Users/ayalgelles/insane-noises/target/native/macosx/x86_64/ReverbUGens.scx
0x0000000111b95000 	/Users/ayalgelles/insane-noises/target/native/macosx/x86_64/RFWUGens.scx
0x0000000111b99000 	/Users/ayalgelles/insane-noises/target/native/macosx/x86_64/RMEQSuite.scx
0x0000000111ba1000 	/Users/ayalgelles/insane-noises/target/native/macosx/x86_64/SLUGens.scx
0x0000000111bb0000 	/Users/ayalgelles/insane-noises/target/native/macosx/x86_64/StkUGens.scx
0x0000000111c5d000 	/Users/ayalgelles/insane-noises/target/native/macosx/x86_64/SummerUGens.scx
0x0000000111c62000 	/Users/ayalgelles/insane-noises/target/native/macosx/x86_64/TagSystemUgens.scx
0x0000000111c68000 	/Users/ayalgelles/insane-noises/target/native/macosx/x86_64/TestUGens.scx
0x0000000111c6c000 	/Users/ayalgelles/insane-noises/target/native/macosx/x86_64/TJUGens.scx
0x0000000111c76000 	/Users/ayalgelles/insane-noises/target/native/macosx/x86_64/TriggerUGens.scx
0x0000000111c82000 	/Users/ayalgelles/insane-noises/target/native/macosx/x86_64/UnaryOpUGens.scx
0x0000000111c98000 	/Users/ayalgelles/insane-noises/target/native/macosx/x86_64/UnpackFFTUGens.scx
0x0000000111ca4000 	/Users/ayalgelles/insane-noises/target/native/macosx/x86_64/VBAP.scx
0x0000000111caa000 	/Users/ayalgelles/insane-noises/target/native/macosx/x86_64/VOSIM.scx

VM Arguments:
jvm_args: -Dfile.encoding=UTF-8 -XX:-OmitStackTraceInFastThrow -XX:+TieredCompilation -XX:TieredStopAtLevel=1 -Dclojure.compile.path=/Users/ayalgelles/insane-noises/target/classes -Dtutorial.version=1.0 -Dclojure.debug=false -Djava.library.path=/Users/ayalgelles/insane-noises/target/native/macosx/x86_64 
java_command: clojure.main -i /private/var/folders/sq/36lkdsmj5nlf088bmfq_cmvr0000gn/T/form-init1252242263378461196.clj
java_class_path (initial): /Users/ayalgelles/insane-noises/test:/Users/ayalgelles/insane-noises/src:/Users/ayalgelles/insane-noises/dev-resources:/Users/ayalgelles/insane-noises/resources:/Users/ayalgelles/insane-noises/target/classes:/Users/ayalgelles/.m2/repository/org/tcrawley/dynapath/1.0.0/dynapath-1.0.0.jar:/Users/ayalgelles/.m2/repository/org/clojure/clojure/1.8.0/clojure-1.8.0.jar:/Users/ayalgelles/.m2/repository/overtone/scsynth-extras/3.5.7.0/scsynth-extras-3.5.7.0.jar:/Users/ayalgelles/.m2/repository/cider/cider-nrepl/0.16.0/cider-nrepl-0.16.0.jar:/Users/ayalgelles/.m2/repository/overtone/at-at/1.2.0/at-at-1.2.0.jar:/Users/ayalgelles/.m2/repository/clojure-complete/clojure-complete/0.2.4/clojure-complete-0.2.4.jar:/Users/ayalgelles/.m2/repository/overtone/byte-spec/0.3.1/byte-spec-0.3.1.jar:/Users/ayalgelles/.m2/repository/org/clojure/tools.nrepl/0.2.13/tools.nrepl-0.2.13.jar:/Users/ayalgelles/.m2/repository/overtone/osc-clj/0.9.0/osc-clj-0.9.0.jar:/Users/ayalgelles/.m2/repository/overtone/libs.handlers/0.2.0/libs.handlers-0.2.0.jar:/Users/ayalgelles/.m2/repository/overtone/overtone/0.10.3/overtone-0.10.3.jar:/Users/ayalgelles/.m2/repository/overtone/scsynth/3.5.7.0/scsynth-3.5.7.0.jar:/Users/ayalgelles/.m2/repository/commons-net/commons-net/3.0.1/commons-net-3.0.1.jar:/Users/ayalgelles/.m2/repository/javax/jmdns/jmdns/3.4.1/jmdns-3.4.1.jar:/Users/ayalgelles/.m2/repository/org/clojure/data.json/0.2.6/data.json-0.2.6.jar:/Users/ayalgelles/.m2/repository/net/java/dev/jna/jna/4.1.0/jna-4.1.0.jar:/Users/ayalgelles/.m2/repository/clj-glob/clj-glob/1.0.0/clj-glob-1.0.0.jar:/Users/ayalgelles/.m2/repository/overtone/midi-clj/0.5.0/midi-clj-0.5.0.jar:/Users/ayalgelles/.m2/repository/clj-native/clj-native/0.9.5/clj-native-0.9.5.jar
Launcher Type: SUN_STANDARD

Environment Variables:
PATH=/Users/ayalgelles/.nvm/versions/node/v10.9.0/bin:/usr/local/bin:/usr/local/bin:/usr/bin:/bin:/usr/sbin:/sbin:/opt/X11/bin
SHELL=/bin/bash
DISPLAY=/private/tmp/com.apple.launchd.fdF3XNIdHr/org.macosforge.xquartz:0

Signal Handlers:
SIGSEGV: [libjvm.dylib+0x5a65d5], sa_mask[0]=11111111011111110111111111111111, sa_flags=SA_ONSTACK|SA_RESTART|SA_SIGINFO
SIGBUS: [libjvm.dylib+0x5a65d5], sa_mask[0]=11111111011111110111111111111111, sa_flags=SA_RESTART|SA_SIGINFO
SIGFPE: [libjvm.dylib+0x4802e8], sa_mask[0]=11111111011111110111111111111111, sa_flags=SA_RESTART|SA_SIGINFO
SIGPIPE: [libjvm.dylib+0x4802e8], sa_mask[0]=11111111011111110111111111111111, sa_flags=SA_RESTART|SA_SIGINFO
SIGXFSZ: [libjvm.dylib+0x4802e8], sa_mask[0]=11111111011111110111111111111111, sa_flags=SA_RESTART|SA_SIGINFO
SIGILL: [libjvm.dylib+0x4802e8], sa_mask[0]=11111111011111110111111111111111, sa_flags=SA_RESTART|SA_SIGINFO
SIGUSR1: SIG_DFL, sa_mask[0]=11011111011111100000000111000110, sa_flags=none
SIGUSR2: [libjvm.dylib+0x47fe06], sa_mask[0]=00100000000000000000000000000000, sa_flags=SA_RESTART|SA_SIGINFO
SIGHUP: [libjvm.dylib+0x47e3dd], sa_mask[0]=11111111011111110111111111111111, sa_flags=SA_RESTART|SA_SIGINFO
SIGINT: [libjvm.dylib+0x47e3dd], sa_mask[0]=11111111011111110111111111111111, sa_flags=SA_RESTART|SA_SIGINFO
SIGTERM: [libjvm.dylib+0x47e3dd], sa_mask[0]=11111111011111110111111111111111, sa_flags=SA_RESTART|SA_SIGINFO
SIGQUIT: [libjvm.dylib+0x47e3dd], sa_mask[0]=11111111011111110111111111111111, sa_flags=SA_RESTART|SA_SIGINFO


---------------  S Y S T E M  ---------------

OS:Bsduname:Darwin 16.7.0 Darwin Kernel Version 16.7.0: Thu Jun 21 20:07:39 PDT 2018; root:xnu-3789.73.14~1/RELEASE_X86_64 x86_64
rlimit: STACK 8515k, CORE 0k, NPROC 709, NOFILE 10240, AS infinity
load average:2.19 2.07 1.92

CPU:total 4 (2 cores per cpu, 2 threads per core) family 6 model 61 stepping 4, cmov, cx8, fxsr, mmx, sse, sse2, sse3, ssse3, sse4.1, sse4.2, popcnt, avx, avx2, aes, clmul, erms, 3dnowpref, lzcnt, ht, tsc, tscinvbit, bmi1, bmi2, adx

Memory: 4k page, physical 4194304k(21532k free)

/proc/meminfo:


vm_info: Java HotSpot(TM) 64-Bit Server VM (25.66-b17) for bsd-amd64 JRE (1.8.0_66-b17), built on Oct  6 2015 16:09:13 by "java_re" with gcc 4.2.1 (Based on Apple Inc. build 5658) (LLVM build 2336.11.00)

time: Mon Nov  5 13:11:06 2018
elapsed time: 15 seconds (0d 0h 0m 15s)

